[2020-03-16 19:09:29] laravel.EMERGENCY: Unable to create configured logger. Using emergency logger. {"exception":"[object] (InvalidArgumentException(code: 0): Driver [bugsnag] is not supported. at D:\\laragon\\www\\iesa\\vendor\\laravel\\framework\\src\\Illuminate\\Log\\LogManager.php:205)
[stacktrace]
#0 D:\\laragon\\www\\iesa\\vendor\\laravel\\framework\\src\\Illuminate\\Log\\LogManager.php(118): Illuminate\\Log\\LogManager->resolve('bugsnag')
#1 D:\\laragon\\www\\iesa\\vendor\\laravel\\framework\\src\\Illuminate\\Log\\LogManager.php(98): Illuminate\\Log\\LogManager->get('bugsnag')
#2 D:\\laragon\\www\\iesa\\vendor\\laravel\\framework\\src\\Illuminate\\Log\\LogManager.php(87): Illuminate\\Log\\LogManager->driver('bugsnag')
#3 D:\\laragon\\www\\iesa\\vendor\\laravel\\framework\\src\\Illuminate\\Log\\LogManager.php(241): Illuminate\\Log\\LogManager->channel('bugsnag')
#4 [internal function]: Illuminate\\Log\\LogManager->Illuminate\\Log\\{closure}('bugsnag', 1)
#5 D:\\laragon\\www\\iesa\\vendor\\laravel\\framework\\src\\Illuminate\\Support\\Collection.php(638): array_map(Object(Closure), Array, Array)
#6 D:\\laragon\\www\\iesa\\vendor\\laravel\\framework\\src\\Illuminate\\Support\\Traits\\EnumeratesValues.php(285): Illuminate\\Support\\Collection->map(Object(Closure))
#7 D:\\laragon\\www\\iesa\\vendor\\laravel\\framework\\src\\Illuminate\\Log\\LogManager.php(242): Illuminate\\Support\\Collection->flatMap(Object(Closure))
#8 D:\\laragon\\www\\iesa\\vendor\\laravel\\framework\\src\\Illuminate\\Log\\LogManager.php(202): Illuminate\\Log\\LogManager->createStackDriver(Array)
#9 D:\\laragon\\www\\iesa\\vendor\\laravel\\framework\\src\\Illuminate\\Log\\LogManager.php(118): Illuminate\\Log\\LogManager->resolve('stack')
#10 D:\\laragon\\www\\iesa\\vendor\\laravel\\framework\\src\\Illuminate\\Log\\LogManager.php(98): Illuminate\\Log\\LogManager->get('stack')
#11 D:\\laragon\\www\\iesa\\vendor\\laravel\\framework\\src\\Illuminate\\Log\\LogManager.php(547): Illuminate\\Log\\LogManager->driver()
#12 D:\\laragon\\www\\iesa\\vendor\\laravel\\framework\\src\\Illuminate\\Foundation\\Exceptions\\Handler.php(121): Illuminate\\Log\\LogManager->error('It is unsafe to...', Array)
#13 D:\\laragon\\www\\iesa\\app\\Exceptions\\Handler.php(37): Illuminate\\Foundation\\Exceptions\\Handler->report(Object(Exception))
#14 D:\\laragon\\www\\iesa\\vendor\\laravel\\framework\\src\\Illuminate\\Foundation\\Http\\Kernel.php(408): App\\Exceptions\\Handler->report(Object(Exception))
#15 D:\\laragon\\www\\iesa\\vendor\\laravel\\framework\\src\\Illuminate\\Foundation\\Http\\Kernel.php(112): Illuminate\\Foundation\\Http\\Kernel->reportException(Object(Exception))
#16 D:\\laragon\\www\\iesa\\public\\index.php(55): Illuminate\\Foundation\\Http\\Kernel->handle(Object(Illuminate\\Http\\Request))
#17 {main}
"} 
[2020-03-16 19:09:29] production.ERROR: It is unsafe to run Dusk in production. {"exception":"[object] (Exception(code: 0): It is unsafe to run Dusk in production. at D:\\laragon\\www\\iesa\\vendor\\laravel\\dusk\\src\\DuskServiceProvider.php:44)
[stacktrace]
#0 D:\\laragon\\www\\iesa\\vendor\\laravel\\framework\\src\\Illuminate\\Foundation\\Application.php(616): Laravel\\Dusk\\DuskServiceProvider->register()
#1 D:\\laragon\\www\\iesa\\vendor\\laravel\\framework\\src\\Illuminate\\Foundation\\ProviderRepository.php(75): Illuminate\\Foundation\\Application->register(Object(Laravel\\Dusk\\DuskServiceProvider))
#2 D:\\laragon\\www\\iesa\\vendor\\laravel\\framework\\src\\Illuminate\\Foundation\\Application.php(593): Illuminate\\Foundation\\ProviderRepository->load(Array)
#3 D:\\laragon\\www\\iesa\\vendor\\laravel\\framework\\src\\Illuminate\\Foundation\\Bootstrap\\RegisterProviders.php(17): Illuminate\\Foundation\\Application->registerConfiguredProviders()
#4 D:\\laragon\\www\\iesa\\vendor\\laravel\\framework\\src\\Illuminate\\Foundation\\Application.php(219): Illuminate\\Foundation\\Bootstrap\\RegisterProviders->bootstrap(Object(Illuminate\\Foundation\\Application))
#5 D:\\laragon\\www\\iesa\\vendor\\laravel\\framework\\src\\Illuminate\\Foundation\\Http\\Kernel.php(156): Illuminate\\Foundation\\Application->bootstrapWith(Array)
#6 D:\\laragon\\www\\iesa\\vendor\\laravel\\framework\\src\\Illuminate\\Foundation\\Http\\Kernel.php(140): Illuminate\\Foundation\\Http\\Kernel->bootstrap()
#7 D:\\laragon\\www\\iesa\\vendor\\laravel\\framework\\src\\Illuminate\\Foundation\\Http\\Kernel.php(110): Illuminate\\Foundation\\Http\\Kernel->sendRequestThroughRouter(Object(Illuminate\\Http\\Request))
#8 D:\\laragon\\www\\iesa\\public\\index.php(55): Illuminate\\Foundation\\Http\\Kernel->handle(Object(Illuminate\\Http\\Request))
#9 {main}
"} 
[2020-03-16 19:09:29] production.ERROR: It is unsafe to run Dusk in production. {"exception":"[object] (Exception(code: 0): It is unsafe to run Dusk in production. at D:\\laragon\\www\\iesa\\vendor\\laravel\\dusk\\src\\DuskServiceProvider.php:44)
[stacktrace]
#0 D:\\laragon\\www\\iesa\\vendor\\laravel\\framework\\src\\Illuminate\\Foundation\\Application.php(616): Laravel\\Dusk\\DuskServiceProvider->register()
#1 D:\\laragon\\www\\iesa\\vendor\\laravel\\framework\\src\\Illuminate\\Foundation\\ProviderRepository.php(75): Illuminate\\Foundation\\Application->register(Object(Laravel\\Dusk\\DuskServiceProvider))
#2 D:\\laragon\\www\\iesa\\vendor\\laravel\\framework\\src\\Illuminate\\Foundation\\Application.php(593): Illuminate\\Foundation\\ProviderRepository->load(Array)
#3 D:\\laragon\\www\\iesa\\vendor\\laravel\\framework\\src\\Illuminate\\Foundation\\Bootstrap\\RegisterProviders.php(17): Illuminate\\Foundation\\Application->registerConfiguredProviders()
#4 D:\\laragon\\www\\iesa\\vendor\\laravel\\framework\\src\\Illuminate\\Foundation\\Application.php(219): Illuminate\\Foundation\\Bootstrap\\RegisterProviders->bootstrap(Object(Illuminate\\Foundation\\Application))
#5 D:\\laragon\\www\\iesa\\vendor\\laravel\\framework\\src\\Illuminate\\Foundation\\Http\\Kernel.php(156): Illuminate\\Foundation\\Application->bootstrapWith(Array)
#6 D:\\laragon\\www\\iesa\\vendor\\laravel\\framework\\src\\Illuminate\\Foundation\\Http\\Kernel.php(140): Illuminate\\Foundation\\Http\\Kernel->bootstrap()
#7 D:\\laragon\\www\\iesa\\vendor\\laravel\\framework\\src\\Illuminate\\Foundation\\Http\\Kernel.php(110): Illuminate\\Foundation\\Http\\Kernel->sendRequestThroughRouter(Object(Illuminate\\Http\\Request))
#8 D:\\laragon\\www\\iesa\\public\\index.php(55): Illuminate\\Foundation\\Http\\Kernel->handle(Object(Illuminate\\Http\\Request))
#9 {main}
"} 
[2020-03-17 16:17:32] laravel.EMERGENCY: Unable to create configured logger. Using emergency logger. {"exception":"[object] (InvalidArgumentException(code: 0): Driver [bugsnag] is not supported. at D:\\laragon\\www\\iesa\\vendor\\laravel\\framework\\src\\Illuminate\\Log\\LogManager.php:205)
[stacktrace]
#0 D:\\laragon\\www\\iesa\\vendor\\laravel\\framework\\src\\Illuminate\\Log\\LogManager.php(118): Illuminate\\Log\\LogManager->resolve('bugsnag')
#1 D:\\laragon\\www\\iesa\\vendor\\laravel\\framework\\src\\Illuminate\\Log\\LogManager.php(98): Illuminate\\Log\\LogManager->get('bugsnag')
#2 D:\\laragon\\www\\iesa\\vendor\\laravel\\framework\\src\\Illuminate\\Log\\LogManager.php(87): Illuminate\\Log\\LogManager->driver('bugsnag')
#3 D:\\laragon\\www\\iesa\\vendor\\laravel\\framework\\src\\Illuminate\\Log\\LogManager.php(241): Illuminate\\Log\\LogManager->channel('bugsnag')
#4 [internal function]: Illuminate\\Log\\LogManager->Illuminate\\Log\\{closure}('bugsnag', 1)
#5 D:\\laragon\\www\\iesa\\vendor\\laravel\\framework\\src\\Illuminate\\Support\\Collection.php(638): array_map(Object(Closure), Array, Array)
#6 D:\\laragon\\www\\iesa\\vendor\\laravel\\framework\\src\\Illuminate\\Support\\Traits\\EnumeratesValues.php(285): Illuminate\\Support\\Collection->map(Object(Closure))
#7 D:\\laragon\\www\\iesa\\vendor\\laravel\\framework\\src\\Illuminate\\Log\\LogManager.php(242): Illuminate\\Support\\Collection->flatMap(Object(Closure))
#8 D:\\laragon\\www\\iesa\\vendor\\laravel\\framework\\src\\Illuminate\\Log\\LogManager.php(202): Illuminate\\Log\\LogManager->createStackDriver(Array)
#9 D:\\laragon\\www\\iesa\\vendor\\laravel\\framework\\src\\Illuminate\\Log\\LogManager.php(118): Illuminate\\Log\\LogManager->resolve('stack')
#10 D:\\laragon\\www\\iesa\\vendor\\laravel\\framework\\src\\Illuminate\\Log\\LogManager.php(98): Illuminate\\Log\\LogManager->get('stack')
#11 D:\\laragon\\www\\iesa\\vendor\\laravel\\framework\\src\\Illuminate\\Log\\LogManager.php(547): Illuminate\\Log\\LogManager->driver()
#12 D:\\laragon\\www\\iesa\\vendor\\laravel\\framework\\src\\Illuminate\\Foundation\\Exceptions\\Handler.php(121): Illuminate\\Log\\LogManager->error('It is unsafe to...', Array)
#13 D:\\laragon\\www\\iesa\\app\\Exceptions\\Handler.php(37): Illuminate\\Foundation\\Exceptions\\Handler->report(Object(Exception))
#14 D:\\laragon\\www\\iesa\\vendor\\laravel\\framework\\src\\Illuminate\\Foundation\\Http\\Kernel.php(408): App\\Exceptions\\Handler->report(Object(Exception))
#15 D:\\laragon\\www\\iesa\\vendor\\laravel\\framework\\src\\Illuminate\\Foundation\\Http\\Kernel.php(112): Illuminate\\Foundation\\Http\\Kernel->reportException(Object(Exception))
#16 D:\\laragon\\www\\iesa\\public\\index.php(55): Illuminate\\Foundation\\Http\\Kernel->handle(Object(Illuminate\\Http\\Request))
#17 {main}
"} 
[2020-03-17 16:17:32] production.ERROR: It is unsafe to run Dusk in production. {"exception":"[object] (Exception(code: 0): It is unsafe to run Dusk in production. at D:\\laragon\\www\\iesa\\vendor\\laravel\\dusk\\src\\DuskServiceProvider.php:44)
[stacktrace]
#0 D:\\laragon\\www\\iesa\\vendor\\laravel\\framework\\src\\Illuminate\\Foundation\\Application.php(616): Laravel\\Dusk\\DuskServiceProvider->register()
#1 D:\\laragon\\www\\iesa\\vendor\\laravel\\framework\\src\\Illuminate\\Foundation\\ProviderRepository.php(75): Illuminate\\Foundation\\Application->register(Object(Laravel\\Dusk\\DuskServiceProvider))
#2 D:\\laragon\\www\\iesa\\vendor\\laravel\\framework\\src\\Illuminate\\Foundation\\Application.php(593): Illuminate\\Foundation\\ProviderRepository->load(Array)
#3 D:\\laragon\\www\\iesa\\vendor\\laravel\\framework\\src\\Illuminate\\Foundation\\Bootstrap\\RegisterProviders.php(17): Illuminate\\Foundation\\Application->registerConfiguredProviders()
#4 D:\\laragon\\www\\iesa\\vendor\\laravel\\framework\\src\\Illuminate\\Foundation\\Application.php(219): Illuminate\\Foundation\\Bootstrap\\RegisterProviders->bootstrap(Object(Illuminate\\Foundation\\Application))
#5 D:\\laragon\\www\\iesa\\vendor\\laravel\\framework\\src\\Illuminate\\Foundation\\Http\\Kernel.php(156): Illuminate\\Foundation\\Application->bootstrapWith(Array)
#6 D:\\laragon\\www\\iesa\\vendor\\laravel\\framework\\src\\Illuminate\\Foundation\\Http\\Kernel.php(140): Illuminate\\Foundation\\Http\\Kernel->bootstrap()
#7 D:\\laragon\\www\\iesa\\vendor\\laravel\\framework\\src\\Illuminate\\Foundation\\Http\\Kernel.php(110): Illuminate\\Foundation\\Http\\Kernel->sendRequestThroughRouter(Object(Illuminate\\Http\\Request))
#8 D:\\laragon\\www\\iesa\\public\\index.php(55): Illuminate\\Foundation\\Http\\Kernel->handle(Object(Illuminate\\Http\\Request))
#9 {main}
"} 
[2020-03-17 16:17:32] production.ERROR: It is unsafe to run Dusk in production. {"exception":"[object] (Exception(code: 0): It is unsafe to run Dusk in production. at D:\\laragon\\www\\iesa\\vendor\\laravel\\dusk\\src\\DuskServiceProvider.php:44)
[stacktrace]
#0 D:\\laragon\\www\\iesa\\vendor\\laravel\\framework\\src\\Illuminate\\Foundation\\Application.php(616): Laravel\\Dusk\\DuskServiceProvider->register()
#1 D:\\laragon\\www\\iesa\\vendor\\laravel\\framework\\src\\Illuminate\\Foundation\\ProviderRepository.php(75): Illuminate\\Foundation\\Application->register(Object(Laravel\\Dusk\\DuskServiceProvider))
#2 D:\\laragon\\www\\iesa\\vendor\\laravel\\framework\\src\\Illuminate\\Foundation\\Application.php(593): Illuminate\\Foundation\\ProviderRepository->load(Array)
#3 D:\\laragon\\www\\iesa\\vendor\\laravel\\framework\\src\\Illuminate\\Foundation\\Bootstrap\\RegisterProviders.php(17): Illuminate\\Foundation\\Application->registerConfiguredProviders()
#4 D:\\laragon\\www\\iesa\\vendor\\laravel\\framework\\src\\Illuminate\\Foundation\\Application.php(219): Illuminate\\Foundation\\Bootstrap\\RegisterProviders->bootstrap(Object(Illuminate\\Foundation\\Application))
#5 D:\\laragon\\www\\iesa\\vendor\\laravel\\framework\\src\\Illuminate\\Foundation\\Http\\Kernel.php(156): Illuminate\\Foundation\\Application->bootstrapWith(Array)
#6 D:\\laragon\\www\\iesa\\vendor\\laravel\\framework\\src\\Illuminate\\Foundation\\Http\\Kernel.php(140): Illuminate\\Foundation\\Http\\Kernel->bootstrap()
#7 D:\\laragon\\www\\iesa\\vendor\\laravel\\framework\\src\\Illuminate\\Foundation\\Http\\Kernel.php(110): Illuminate\\Foundation\\Http\\Kernel->sendRequestThroughRouter(Object(Illuminate\\Http\\Request))
#8 D:\\laragon\\www\\iesa\\public\\index.php(55): Illuminate\\Foundation\\Http\\Kernel->handle(Object(Illuminate\\Http\\Request))
#9 {main}
"} 
[2020-03-17 16:17:32] production.ERROR: Target class [translator] does not exist. (View: D:\laragon\www\iesa\resources\views\errors\500.blade.php) {"exception":"[object] (ErrorException(code: 0): Target class [translator] does not exist. (View: D:\\laragon\\www\\iesa\esources\\views\\errors\\500.blade.php) at D:\\laragon\\www\\iesa\\vendor\\laravel\\framework\\src\\Illuminate\\Container\\Container.php:805)
[stacktrace]
#0 D:\\laragon\\www\\iesa\\vendor\\laravel\\framework\\src\\Illuminate\\View\\Engines\\PhpEngine.php(45): Illuminate\\View\\Engines\\CompilerEngine->handleViewException(Object(Illuminate\\Contracts\\Container\\BindingResolutionException), 1)
#1 D:\\laragon\\www\\iesa\\vendor\\laravel\\framework\\src\\Illuminate\\View\\Engines\\CompilerEngine.php(59): Illuminate\\View\\Engines\\PhpEngine->evaluatePath('D:\\\\laragon\\\\www\\\\...', Array)
#2 D:\\laragon\\www\\iesa\\vendor\\laravel\\framework\\src\\Illuminate\\View\\View.php(143): Illuminate\\View\\Engines\\CompilerEngine->get('D:\\\\laragon\\\\www\\\\...', Array)
#3 D:\\laragon\\www\\iesa\\vendor\\laravel\\framework\\src\\Illuminate\\View\\View.php(126): Illuminate\\View\\View->getContents()
#4 D:\\laragon\\www\\iesa\\vendor\\laravel\\framework\\src\\Illuminate\\View\\View.php(91): Illuminate\\View\\View->renderContents()
#5 D:\\laragon\\www\\iesa\\vendor\\laravel\\framework\\src\\Illuminate\\Http\\Response.php(42): Illuminate\\View\\View->render()
#6 D:\\laragon\\www\\iesa\\vendor\\symfony\\http-foundation\\Response.php(202): Illuminate\\Http\\Response->setContent(Object(Illuminate\\View\\View))
#7 D:\\laragon\\www\\iesa\\vendor\\laravel\\framework\\src\\Illuminate\\Routing\\ResponseFactory.php(55): Symfony\\Component\\HttpFoundation\\Response->__construct(Object(Illuminate\\View\\View), 500, Array)
#8 D:\\laragon\\www\\iesa\\vendor\\laravel\\framework\\src\\Illuminate\\Routing\\ResponseFactory.php(85): Illuminate\\Routing\\ResponseFactory->make(Object(Illuminate\\View\\View), 500, Array)
#9 D:\\laragon\\www\\iesa\\vendor\\laravel\\framework\\src\\Illuminate\\Foundation\\Exceptions\\Handler.php(407): Illuminate\\Routing\\ResponseFactory->view('errors::500', Array, 500, Array)
#10 D:\\laragon\\www\\iesa\\vendor\\laravel\\framework\\src\\Illuminate\\Foundation\\Exceptions\\Handler.php(312): Illuminate\\Foundation\\Exceptions\\Handler->renderHttpException(Object(Symfony\\Component\\HttpKernel\\Exception\\HttpException))
#11 D:\\laragon\\www\\iesa\\vendor\\laravel\\framework\\src\\Illuminate\\Foundation\\Exceptions\\Handler.php(209): Illuminate\\Foundation\\Exceptions\\Handler->prepareResponse(Object(Illuminate\\Http\\Request), Object(Symfony\\Component\\HttpKernel\\Exception\\HttpException))
#12 D:\\laragon\\www\\iesa\\app\\Exceptions\\Handler.php(49): Illuminate\\Foundation\\Exceptions\\Handler->render(Object(Illuminate\\Http\\Request), Object(Exception))
#13 D:\\laragon\\www\\iesa\\vendor\\laravel\\framework\\src\\Illuminate\\Foundation\\Http\\Kernel.php(420): App\\Exceptions\\Handler->render(Object(Illuminate\\Http\\Request), Object(Exception))
#14 D:\\laragon\\www\\iesa\\vendor\\laravel\\framework\\src\\Illuminate\\Foundation\\Http\\Kernel.php(114): Illuminate\\Foundation\\Http\\Kernel->renderException(Object(Illuminate\\Http\\Request), Object(Exception))
#15 D:\\laragon\\www\\iesa\\public\\index.php(55): Illuminate\\Foundation\\Http\\Kernel->handle(Object(Illuminate\\Http\\Request))
#16 {main}

[previous exception] [object] (Illuminate\\Contracts\\Container\\BindingResolutionException(code: 0): Target class [translator] does not exist. at D:\\laragon\\www\\iesa\\vendor\\laravel\\framework\\src\\Illuminate\\Container\\Container.php:805)
[stacktrace]
#0 D:\\laragon\\www\\iesa\\vendor\\laravel\\framework\\src\\Illuminate\\Container\\Container.php(681): Illuminate\\Container\\Container->build('translator')
#1 D:\\laragon\\www\\iesa\\vendor\\laravel\\framework\\src\\Illuminate\\Foundation\\Application.php(785): Illuminate\\Container\\Container->resolve('translator', Array, true)
#2 D:\\laragon\\www\\iesa\\vendor\\laravel\\framework\\src\\Illuminate\\Container\\Container.php(629): Illuminate\\Foundation\\Application->resolve('translator', Array)
#3 D:\\laragon\\www\\iesa\\vendor\\laravel\\framework\\src\\Illuminate\\Foundation\\Application.php(770): Illuminate\\Container\\Container->make('translator', Array)
#4 D:\\laragon\\www\\iesa\\vendor\\laravel\\framework\\src\\Illuminate\\Foundation\\helpers.php(121): Illuminate\\Foundation\\Application->make('translator', Array)
#5 D:\\laragon\\www\\iesa\\vendor\\laravel\\framework\\src\\Illuminate\\Foundation\\helpers.php(872): app('translator')
#6 D:\\laragon\\www\\iesa\\vendor\\laravel\\framework\\src\\Illuminate\\Foundation\\helpers.php(907): trans('Server Error', Array, NULL)
#7 D:\\laragon\\www\\iesa\\storage\\framework\\views\\8471cc0c09e821ae97b02ba423558bf8ea8a3092.php(1): __('Server Error')
#8 D:\\laragon\\www\\iesa\\vendor\\laravel\\framework\\src\\Illuminate\\View\\Engines\\PhpEngine.php(43): include('D:\\\\laragon\\\\www\\\\...')
#9 D:\\laragon\\www\\iesa\\vendor\\laravel\\framework\\src\\Illuminate\\View\\Engines\\CompilerEngine.php(59): Illuminate\\View\\Engines\\PhpEngine->evaluatePath('D:\\\\laragon\\\\www\\\\...', Array)
#10 D:\\laragon\\www\\iesa\\vendor\\laravel\\framework\\src\\Illuminate\\View\\View.php(143): Illuminate\\View\\Engines\\CompilerEngine->get('D:\\\\laragon\\\\www\\\\...', Array)
#11 D:\\laragon\\www\\iesa\\vendor\\laravel\\framework\\src\\Illuminate\\View\\View.php(126): Illuminate\\View\\View->getContents()
#12 D:\\laragon\\www\\iesa\\vendor\\laravel\\framework\\src\\Illuminate\\View\\View.php(91): Illuminate\\View\\View->renderContents()
#13 D:\\laragon\\www\\iesa\\vendor\\laravel\\framework\\src\\Illuminate\\Http\\Response.php(42): Illuminate\\View\\View->render()
#14 D:\\laragon\\www\\iesa\\vendor\\symfony\\http-foundation\\Response.php(202): Illuminate\\Http\\Response->setContent(Object(Illuminate\\View\\View))
#15 D:\\laragon\\www\\iesa\\vendor\\laravel\\framework\\src\\Illuminate\\Routing\\ResponseFactory.php(55): Symfony\\Component\\HttpFoundation\\Response->__construct(Object(Illuminate\\View\\View), 500, Array)
#16 D:\\laragon\\www\\iesa\\vendor\\laravel\\framework\\src\\Illuminate\\Routing\\ResponseFactory.php(85): Illuminate\\Routing\\ResponseFactory->make(Object(Illuminate\\View\\View), 500, Array)
#17 D:\\laragon\\www\\iesa\\vendor\\laravel\\framework\\src\\Illuminate\\Foundation\\Exceptions\\Handler.php(407): Illuminate\\Routing\\ResponseFactory->view('errors::500', Array, 500, Array)
#18 D:\\laragon\\www\\iesa\\vendor\\laravel\\framework\\src\\Illuminate\\Foundation\\Exceptions\\Handler.php(312): Illuminate\\Foundation\\Exceptions\\Handler->renderHttpException(Object(Symfony\\Component\\HttpKernel\\Exception\\HttpException))
#19 D:\\laragon\\www\\iesa\\vendor\\laravel\\framework\\src\\Illuminate\\Foundation\\Exceptions\\Handler.php(209): Illuminate\\Foundation\\Exceptions\\Handler->prepareResponse(Object(Illuminate\\Http\\Request), Object(Symfony\\Component\\HttpKernel\\Exception\\HttpException))
#20 D:\\laragon\\www\\iesa\\app\\Exceptions\\Handler.php(49): Illuminate\\Foundation\\Exceptions\\Handler->render(Object(Illuminate\\Http\\Request), Object(Exception))
#21 D:\\laragon\\www\\iesa\\vendor\\laravel\\framework\\src\\Illuminate\\Foundation\\Http\\Kernel.php(420): App\\Exceptions\\Handler->render(Object(Illuminate\\Http\\Request), Object(Exception))
#22 D:\\laragon\\www\\iesa\\vendor\\laravel\\framework\\src\\Illuminate\\Foundation\\Http\\Kernel.php(114): Illuminate\\Foundation\\Http\\Kernel->renderException(Object(Illuminate\\Http\\Request), Object(Exception))
#23 D:\\laragon\\www\\iesa\\public\\index.php(55): Illuminate\\Foundation\\Http\\Kernel->handle(Object(Illuminate\\Http\\Request))
#24 {main}

[previous exception] [object] (ReflectionException(code: -1): Class translator does not exist at D:\\laragon\\www\\iesa\\vendor\\laravel\\framework\\src\\Illuminate\\Container\\Container.php:803)
[stacktrace]
#0 D:\\laragon\\www\\iesa\\vendor\\laravel\\framework\\src\\Illuminate\\Container\\Container.php(803): ReflectionClass->__construct('translator')
#1 D:\\laragon\\www\\iesa\\vendor\\laravel\\framework\\src\\Illuminate\\Container\\Container.php(681): Illuminate\\Container\\Container->build('translator')
#2 D:\\laragon\\www\\iesa\\vendor\\laravel\\framework\\src\\Illuminate\\Foundation\\Application.php(785): Illuminate\\Container\\Container->resolve('translator', Array, true)
#3 D:\\laragon\\www\\iesa\\vendor\\laravel\\framework\\src\\Illuminate\\Container\\Container.php(629): Illuminate\\Foundation\\Application->resolve('translator', Array)
#4 D:\\laragon\\www\\iesa\\vendor\\laravel\\framework\\src\\Illuminate\\Foundation\\Application.php(770): Illuminate\\Container\\Container->make('translator', Array)
#5 D:\\laragon\\www\\iesa\\vendor\\laravel\\framework\\src\\Illuminate\\Foundation\\helpers.php(121): Illuminate\\Foundation\\Application->make('translator', Array)
#6 D:\\laragon\\www\\iesa\\vendor\\laravel\\framework\\src\\Illuminate\\Foundation\\helpers.php(872): app('translator')
#7 D:\\laragon\\www\\iesa\\vendor\\laravel\\framework\\src\\Illuminate\\Foundation\\helpers.php(907): trans('Server Error', Array, NULL)
#8 D:\\laragon\\www\\iesa\\storage\\framework\\views\\8471cc0c09e821ae97b02ba423558bf8ea8a3092.php(1): __('Server Error')
#9 D:\\laragon\\www\\iesa\\vendor\\laravel\\framework\\src\\Illuminate\\View\\Engines\\PhpEngine.php(43): include('D:\\\\laragon\\\\www\\\\...')
#10 D:\\laragon\\www\\iesa\\vendor\\laravel\\framework\\src\\Illuminate\\View\\Engines\\CompilerEngine.php(59): Illuminate\\View\\Engines\\PhpEngine->evaluatePath('D:\\\\laragon\\\\www\\\\...', Array)
#11 D:\\laragon\\www\\iesa\\vendor\\laravel\\framework\\src\\Illuminate\\View\\View.php(143): Illuminate\\View\\Engines\\CompilerEngine->get('D:\\\\laragon\\\\www\\\\...', Array)
#12 D:\\laragon\\www\\iesa\\vendor\\laravel\\framework\\src\\Illuminate\\View\\View.php(126): Illuminate\\View\\View->getContents()
#13 D:\\laragon\\www\\iesa\\vendor\\laravel\\framework\\src\\Illuminate\\View\\View.php(91): Illuminate\\View\\View->renderContents()
#14 D:\\laragon\\www\\iesa\\vendor\\laravel\\framework\\src\\Illuminate\\Http\\Response.php(42): Illuminate\\View\\View->render()
#15 D:\\laragon\\www\\iesa\\vendor\\symfony\\http-foundation\\Response.php(202): Illuminate\\Http\\Response->setContent(Object(Illuminate\\View\\View))
#16 D:\\laragon\\www\\iesa\\vendor\\laravel\\framework\\src\\Illuminate\\Routing\\ResponseFactory.php(55): Symfony\\Component\\HttpFoundation\\Response->__construct(Object(Illuminate\\View\\View), 500, Array)
#17 D:\\laragon\\www\\iesa\\vendor\\laravel\\framework\\src\\Illuminate\\Routing\\ResponseFactory.php(85): Illuminate\\Routing\\ResponseFactory->make(Object(Illuminate\\View\\View), 500, Array)
#18 D:\\laragon\\www\\iesa\\vendor\\laravel\\framework\\src\\Illuminate\\Foundation\\Exceptions\\Handler.php(407): Illuminate\\Routing\\ResponseFactory->view('errors::500', Array, 500, Array)
#19 D:\\laragon\\www\\iesa\\vendor\\laravel\\framework\\src\\Illuminate\\Foundation\\Exceptions\\Handler.php(312): Illuminate\\Foundation\\Exceptions\\Handler->renderHttpException(Object(Symfony\\Component\\HttpKernel\\Exception\\HttpException))
#20 D:\\laragon\\www\\iesa\\vendor\\laravel\\framework\\src\\Illuminate\\Foundation\\Exceptions\\Handler.php(209): Illuminate\\Foundation\\Exceptions\\Handler->prepareResponse(Object(Illuminate\\Http\\Request), Object(Symfony\\Component\\HttpKernel\\Exception\\HttpException))
#21 D:\\laragon\\www\\iesa\\app\\Exceptions\\Handler.php(49): Illuminate\\Foundation\\Exceptions\\Handler->render(Object(Illuminate\\Http\\Request), Object(Exception))
#22 D:\\laragon\\www\\iesa\\vendor\\laravel\\framework\\src\\Illuminate\\Foundation\\Http\\Kernel.php(420): App\\Exceptions\\Handler->render(Object(Illuminate\\Http\\Request), Object(Exception))
#23 D:\\laragon\\www\\iesa\\vendor\\laravel\\framework\\src\\Illuminate\\Foundation\\Http\\Kernel.php(114): Illuminate\\Foundation\\Http\\Kernel->renderException(Object(Illuminate\\Http\\Request), Object(Exception))
#24 D:\\laragon\\www\\iesa\\public\\index.php(55): Illuminate\\Foundation\\Http\\Kernel->handle(Object(Illuminate\\Http\\Request))
#25 {main}
"} 
[2020-03-17 16:17:32] production.ERROR: Target class [translator] does not exist. (View: D:\laragon\www\iesa\resources\views\errors\500.blade.php) {"exception":"[object] (ErrorException(code: 0): Target class [translator] does not exist. (View: D:\\laragon\\www\\iesa\esources\\views\\errors\\500.blade.php) at D:\\laragon\\www\\iesa\\vendor\\laravel\\framework\\src\\Illuminate\\Container\\Container.php:805)
[stacktrace]
#0 D:\\laragon\\www\\iesa\\vendor\\laravel\\framework\\src\\Illuminate\\View\\Engines\\PhpEngine.php(45): Illuminate\\View\\Engines\\CompilerEngine->handleViewException(Object(Illuminate\\Contracts\\Container\\BindingResolutionException), 1)
#1 D:\\laragon\\www\\iesa\\vendor\\laravel\\framework\\src\\Illuminate\\View\\Engines\\CompilerEngine.php(59): Illuminate\\View\\Engines\\PhpEngine->evaluatePath('D:\\\\laragon\\\\www\\\\...', Array)
#2 D:\\laragon\\www\\iesa\\vendor\\laravel\\framework\\src\\Illuminate\\View\\View.php(143): Illuminate\\View\\Engines\\CompilerEngine->get('D:\\\\laragon\\\\www\\\\...', Array)
#3 D:\\laragon\\www\\iesa\\vendor\\laravel\\framework\\src\\Illuminate\\View\\View.php(126): Illuminate\\View\\View->getContents()
#4 D:\\laragon\\www\\iesa\\vendor\\laravel\\framework\\src\\Illuminate\\View\\View.php(91): Illuminate\\View\\View->renderContents()
#5 D:\\laragon\\www\\iesa\\vendor\\laravel\\framework\\src\\Illuminate\\Http\\Response.php(42): Illuminate\\View\\View->render()
#6 D:\\laragon\\www\\iesa\\vendor\\symfony\\http-foundation\\Response.php(202): Illuminate\\Http\\Response->setContent(Object(Illuminate\\View\\View))
#7 D:\\laragon\\www\\iesa\\vendor\\laravel\\framework\\src\\Illuminate\\Routing\\ResponseFactory.php(55): Symfony\\Component\\HttpFoundation\\Response->__construct(Object(Illuminate\\View\\View), 500, Array)
#8 D:\\laragon\\www\\iesa\\vendor\\laravel\\framework\\src\\Illuminate\\Routing\\ResponseFactory.php(85): Illuminate\\Routing\\ResponseFactory->make(Object(Illuminate\\View\\View), 500, Array)
#9 D:\\laragon\\www\\iesa\\vendor\\laravel\\framework\\src\\Illuminate\\Foundation\\Exceptions\\Handler.php(407): Illuminate\\Routing\\ResponseFactory->view('errors::500', Array, 500, Array)
#10 D:\\laragon\\www\\iesa\\vendor\\laravel\\framework\\src\\Illuminate\\Foundation\\Exceptions\\Handler.php(312): Illuminate\\Foundation\\Exceptions\\Handler->renderHttpException(Object(Symfony\\Component\\HttpKernel\\Exception\\HttpException))
#11 D:\\laragon\\www\\iesa\\vendor\\laravel\\framework\\src\\Illuminate\\Foundation\\Exceptions\\Handler.php(209): Illuminate\\Foundation\\Exceptions\\Handler->prepareResponse(Object(Illuminate\\Http\\Request), Object(Symfony\\Component\\HttpKernel\\Exception\\HttpException))
#12 D:\\laragon\\www\\iesa\\app\\Exceptions\\Handler.php(49): Illuminate\\Foundation\\Exceptions\\Handler->render(Object(Illuminate\\Http\\Request), Object(Exception))
#13 D:\\laragon\\www\\iesa\\vendor\\laravel\\framework\\src\\Illuminate\\Foundation\\Http\\Kernel.php(420): App\\Exceptions\\Handler->render(Object(Illuminate\\Http\\Request), Object(Exception))
#14 D:\\laragon\\www\\iesa\\vendor\\laravel\\framework\\src\\Illuminate\\Foundation\\Http\\Kernel.php(114): Illuminate\\Foundation\\Http\\Kernel->renderException(Object(Illuminate\\Http\\Request), Object(Exception))
#15 D:\\laragon\\www\\iesa\\public\\index.php(55): Illuminate\\Foundation\\Http\\Kernel->handle(Object(Illuminate\\Http\\Request))
#16 {main}

[previous exception] [object] (Illuminate\\Contracts\\Container\\BindingResolutionException(code: 0): Target class [translator] does not exist. at D:\\laragon\\www\\iesa\\vendor\\laravel\\framework\\src\\Illuminate\\Container\\Container.php:805)
[stacktrace]
#0 D:\\laragon\\www\\iesa\\vendor\\laravel\\framework\\src\\Illuminate\\Container\\Container.php(681): Illuminate\\Container\\Container->build('translator')
#1 D:\\laragon\\www\\iesa\\vendor\\laravel\\framework\\src\\Illuminate\\Foundation\\Application.php(785): Illuminate\\Container\\Container->resolve('translator', Array, true)
#2 D:\\laragon\\www\\iesa\\vendor\\laravel\\framework\\src\\Illuminate\\Container\\Container.php(629): Illuminate\\Foundation\\Application->resolve('translator', Array)
#3 D:\\laragon\\www\\iesa\\vendor\\laravel\\framework\\src\\Illuminate\\Foundation\\Application.php(770): Illuminate\\Container\\Container->make('translator', Array)
#4 D:\\laragon\\www\\iesa\\vendor\\laravel\\framework\\src\\Illuminate\\Foundation\\helpers.php(121): Illuminate\\Foundation\\Application->make('translator', Array)
#5 D:\\laragon\\www\\iesa\\vendor\\laravel\\framework\\src\\Illuminate\\Foundation\\helpers.php(872): app('translator')
#6 D:\\laragon\\www\\iesa\\vendor\\laravel\\framework\\src\\Illuminate\\Foundation\\helpers.php(907): trans('Server Error', Array, NULL)
#7 D:\\laragon\\www\\iesa\\storage\\framework\\views\\8471cc0c09e821ae97b02ba423558bf8ea8a3092.php(1): __('Server Error')
#8 D:\\laragon\\www\\iesa\\vendor\\laravel\\framework\\src\\Illuminate\\View\\Engines\\PhpEngine.php(43): include('D:\\\\laragon\\\\www\\\\...')
#9 D:\\laragon\\www\\iesa\\vendor\\laravel\\framework\\src\\Illuminate\\View\\Engines\\CompilerEngine.php(59): Illuminate\\View\\Engines\\PhpEngine->evaluatePath('D:\\\\laragon\\\\www\\\\...', Array)
#10 D:\\laragon\\www\\iesa\\vendor\\laravel\\framework\\src\\Illuminate\\View\\View.php(143): Illuminate\\View\\Engines\\CompilerEngine->get('D:\\\\laragon\\\\www\\\\...', Array)
#11 D:\\laragon\\www\\iesa\\vendor\\laravel\\framework\\src\\Illuminate\\View\\View.php(126): Illuminate\\View\\View->getContents()
#12 D:\\laragon\\www\\iesa\\vendor\\laravel\\framework\\src\\Illuminate\\View\\View.php(91): Illuminate\\View\\View->renderContents()
#13 D:\\laragon\\www\\iesa\\vendor\\laravel\\framework\\src\\Illuminate\\Http\\Response.php(42): Illuminate\\View\\View->render()
#14 D:\\laragon\\www\\iesa\\vendor\\symfony\\http-foundation\\Response.php(202): Illuminate\\Http\\Response->setContent(Object(Illuminate\\View\\View))
#15 D:\\laragon\\www\\iesa\\vendor\\laravel\\framework\\src\\Illuminate\\Routing\\ResponseFactory.php(55): Symfony\\Component\\HttpFoundation\\Response->__construct(Object(Illuminate\\View\\View), 500, Array)
#16 D:\\laragon\\www\\iesa\\vendor\\laravel\\framework\\src\\Illuminate\\Routing\\ResponseFactory.php(85): Illuminate\\Routing\\ResponseFactory->make(Object(Illuminate\\View\\View), 500, Array)
#17 D:\\laragon\\www\\iesa\\vendor\\laravel\\framework\\src\\Illuminate\\Foundation\\Exceptions\\Handler.php(407): Illuminate\\Routing\\ResponseFactory->view('errors::500', Array, 500, Array)
#18 D:\\laragon\\www\\iesa\\vendor\\laravel\\framework\\src\\Illuminate\\Foundation\\Exceptions\\Handler.php(312): Illuminate\\Foundation\\Exceptions\\Handler->renderHttpException(Object(Symfony\\Component\\HttpKernel\\Exception\\HttpException))
#19 D:\\laragon\\www\\iesa\\vendor\\laravel\\framework\\src\\Illuminate\\Foundation\\Exceptions\\Handler.php(209): Illuminate\\Foundation\\Exceptions\\Handler->prepareResponse(Object(Illuminate\\Http\\Request), Object(Symfony\\Component\\HttpKernel\\Exception\\HttpException))
#20 D:\\laragon\\www\\iesa\\app\\Exceptions\\Handler.php(49): Illuminate\\Foundation\\Exceptions\\Handler->render(Object(Illuminate\\Http\\Request), Object(Exception))
#21 D:\\laragon\\www\\iesa\\vendor\\laravel\\framework\\src\\Illuminate\\Foundation\\Http\\Kernel.php(420): App\\Exceptions\\Handler->render(Object(Illuminate\\Http\\Request), Object(Exception))
#22 D:\\laragon\\www\\iesa\\vendor\\laravel\\framework\\src\\Illuminate\\Foundation\\Http\\Kernel.php(114): Illuminate\\Foundation\\Http\\Kernel->renderException(Object(Illuminate\\Http\\Request), Object(Exception))
#23 D:\\laragon\\www\\iesa\\public\\index.php(55): Illuminate\\Foundation\\Http\\Kernel->handle(Object(Illuminate\\Http\\Request))
#24 {main}

[previous exception] [object] (ReflectionException(code: -1): Class translator does not exist at D:\\laragon\\www\\iesa\\vendor\\laravel\\framework\\src\\Illuminate\\Container\\Container.php:803)
[stacktrace]
#0 D:\\laragon\\www\\iesa\\vendor\\laravel\\framework\\src\\Illuminate\\Container\\Container.php(803): ReflectionClass->__construct('translator')
#1 D:\\laragon\\www\\iesa\\vendor\\laravel\\framework\\src\\Illuminate\\Container\\Container.php(681): Illuminate\\Container\\Container->build('translator')
#2 D:\\laragon\\www\\iesa\\vendor\\laravel\\framework\\src\\Illuminate\\Foundation\\Application.php(785): Illuminate\\Container\\Container->resolve('translator', Array, true)
#3 D:\\laragon\\www\\iesa\\vendor\\laravel\\framework\\src\\Illuminate\\Container\\Container.php(629): Illuminate\\Foundation\\Application->resolve('translator', Array)
#4 D:\\laragon\\www\\iesa\\vendor\\laravel\\framework\\src\\Illuminate\\Foundation\\Application.php(770): Illuminate\\Container\\Container->make('translator', Array)
#5 D:\\laragon\\www\\iesa\\vendor\\laravel\\framework\\src\\Illuminate\\Foundation\\helpers.php(121): Illuminate\\Foundation\\Application->make('translator', Array)
#6 D:\\laragon\\www\\iesa\\vendor\\laravel\\framework\\src\\Illuminate\\Foundation\\helpers.php(872): app('translator')
#7 D:\\laragon\\www\\iesa\\vendor\\laravel\\framework\\src\\Illuminate\\Foundation\\helpers.php(907): trans('Server Error', Array, NULL)
#8 D:\\laragon\\www\\iesa\\storage\\framework\\views\\8471cc0c09e821ae97b02ba423558bf8ea8a3092.php(1): __('Server Error')
#9 D:\\laragon\\www\\iesa\\vendor\\laravel\\framework\\src\\Illuminate\\View\\Engines\\PhpEngine.php(43): include('D:\\\\laragon\\\\www\\\\...')
#10 D:\\laragon\\www\\iesa\\vendor\\laravel\\framework\\src\\Illuminate\\View\\Engines\\CompilerEngine.php(59): Illuminate\\View\\Engines\\PhpEngine->evaluatePath('D:\\\\laragon\\\\www\\\\...', Array)
#11 D:\\laragon\\www\\iesa\\vendor\\laravel\\framework\\src\\Illuminate\\View\\View.php(143): Illuminate\\View\\Engines\\CompilerEngine->get('D:\\\\laragon\\\\www\\\\...', Array)
#12 D:\\laragon\\www\\iesa\\vendor\\laravel\\framework\\src\\Illuminate\\View\\View.php(126): Illuminate\\View\\View->getContents()
#13 D:\\laragon\\www\\iesa\\vendor\\laravel\\framework\\src\\Illuminate\\View\\View.php(91): Illuminate\\View\\View->renderContents()
#14 D:\\laragon\\www\\iesa\\vendor\\laravel\\framework\\src\\Illuminate\\Http\\Response.php(42): Illuminate\\View\\View->render()
#15 D:\\laragon\\www\\iesa\\vendor\\symfony\\http-foundation\\Response.php(202): Illuminate\\Http\\Response->setContent(Object(Illuminate\\View\\View))
#16 D:\\laragon\\www\\iesa\\vendor\\laravel\\framework\\src\\Illuminate\\Routing\\ResponseFactory.php(55): Symfony\\Component\\HttpFoundation\\Response->__construct(Object(Illuminate\\View\\View), 500, Array)
#17 D:\\laragon\\www\\iesa\\vendor\\laravel\\framework\\src\\Illuminate\\Routing\\ResponseFactory.php(85): Illuminate\\Routing\\ResponseFactory->make(Object(Illuminate\\View\\View), 500, Array)
#18 D:\\laragon\\www\\iesa\\vendor\\laravel\\framework\\src\\Illuminate\\Foundation\\Exceptions\\Handler.php(407): Illuminate\\Routing\\ResponseFactory->view('errors::500', Array, 500, Array)
#19 D:\\laragon\\www\\iesa\\vendor\\laravel\\framework\\src\\Illuminate\\Foundation\\Exceptions\\Handler.php(312): Illuminate\\Foundation\\Exceptions\\Handler->renderHttpException(Object(Symfony\\Component\\HttpKernel\\Exception\\HttpException))
#20 D:\\laragon\\www\\iesa\\vendor\\laravel\\framework\\src\\Illuminate\\Foundation\\Exceptions\\Handler.php(209): Illuminate\\Foundation\\Exceptions\\Handler->prepareResponse(Object(Illuminate\\Http\\Request), Object(Symfony\\Component\\HttpKernel\\Exception\\HttpException))
#21 D:\\laragon\\www\\iesa\\app\\Exceptions\\Handler.php(49): Illuminate\\Foundation\\Exceptions\\Handler->render(Object(Illuminate\\Http\\Request), Object(Exception))
#22 D:\\laragon\\www\\iesa\\vendor\\laravel\\framework\\src\\Illuminate\\Foundation\\Http\\Kernel.php(420): App\\Exceptions\\Handler->render(Object(Illuminate\\Http\\Request), Object(Exception))
#23 D:\\laragon\\www\\iesa\\vendor\\laravel\\framework\\src\\Illuminate\\Foundation\\Http\\Kernel.php(114): Illuminate\\Foundation\\Http\\Kernel->renderException(Object(Illuminate\\Http\\Request), Object(Exception))
#24 D:\\laragon\\www\\iesa\\public\\index.php(55): Illuminate\\Foundation\\Http\\Kernel->handle(Object(Illuminate\\Http\\Request))
#25 {main}
"} 
[2020-03-17 16:17:32] production.ERROR: Uncaught ReflectionException: Class translator does not exist in D:\laragon\www\iesa\vendor\laravel\framework\src\Illuminate\Container\Container.php:803
Stack trace:
#0 D:\laragon\www\iesa\vendor\laravel\framework\src\Illuminate\Container\Container.php(803): ReflectionClass->__construct('translator')
#1 D:\laragon\www\iesa\vendor\laravel\framework\src\Illuminate\Container\Container.php(681): Illuminate\Container\Container->build('translator')
#2 D:\laragon\www\iesa\vendor\laravel\framework\src\Illuminate\Foundation\Application.php(785): Illuminate\Container\Container->resolve('translator', Array, true)
#3 D:\laragon\www\iesa\vendor\laravel\framework\src\Illuminate\Container\Container.php(629): Illuminate\Foundation\Application->resolve('translator', Array)
#4 D:\laragon\www\iesa\vendor\laravel\framework\src\Illuminate\Foundation\Application.php(770): Illuminate\Container\Container->make('translator', Array)
#5 D:\laragon\www\iesa\vendor\laravel\framework\src\Illuminate\Foundation\helpers.php(121): Illuminate\ {"exception":"[object] (Symfony\\Component\\Debug\\Exception\\FatalErrorException(code: 1): Uncaught ReflectionException: Class translator does not exist in D:\\laragon\\www\\iesa\\vendor\\laravel\\framework\\src\\Illuminate\\Container\\Container.php:803
Stack trace:
#0 D:\\laragon\\www\\iesa\\vendor\\laravel\\framework\\src\\Illuminate\\Container\\Container.php(803): ReflectionClass->__construct('translator')
#1 D:\\laragon\\www\\iesa\\vendor\\laravel\\framework\\src\\Illuminate\\Container\\Container.php(681): Illuminate\\Container\\Container->build('translator')
#2 D:\\laragon\\www\\iesa\\vendor\\laravel\\framework\\src\\Illuminate\\Foundation\\Application.php(785): Illuminate\\Container\\Container->resolve('translator', Array, true)
#3 D:\\laragon\\www\\iesa\\vendor\\laravel\\framework\\src\\Illuminate\\Container\\Container.php(629): Illuminate\\Foundation\\Application->resolve('translator', Array)
#4 D:\\laragon\\www\\iesa\\vendor\\laravel\\framework\\src\\Illuminate\\Foundation\\Application.php(770): Illuminate\\Container\\Container->make('translator', Array)
#5 D:\\laragon\\www\\iesa\\vendor\\laravel\\framework\\src\\Illuminate\\Foundation\\helpers.php(121): Illuminate\\ at D:\\laragon\\www\\iesa\\vendor\\laravel\\framework\\src\\Illuminate\\Container\\Container.php:805)
[stacktrace]
#0 {main}
"} 
[2020-03-17 16:17:32] production.ERROR: Uncaught ReflectionException: Class translator does not exist in D:\laragon\www\iesa\vendor\laravel\framework\src\Illuminate\Container\Container.php:803
Stack trace:
#0 D:\laragon\www\iesa\vendor\laravel\framework\src\Illuminate\Container\Container.php(803): ReflectionClass->__construct('translator')
#1 D:\laragon\www\iesa\vendor\laravel\framework\src\Illuminate\Container\Container.php(681): Illuminate\Container\Container->build('translator')
#2 D:\laragon\www\iesa\vendor\laravel\framework\src\Illuminate\Foundation\Application.php(785): Illuminate\Container\Container->resolve('translator', Array, true)
#3 D:\laragon\www\iesa\vendor\laravel\framework\src\Illuminate\Container\Container.php(629): Illuminate\Foundation\Application->resolve('translator', Array)
#4 D:\laragon\www\iesa\vendor\laravel\framework\src\Illuminate\Foundation\Application.php(770): Illuminate\Container\Container->make('translator', Array)
#5 D:\laragon\www\iesa\vendor\laravel\framework\src\Illuminate\Foundation\helpers.php(121): Illuminate\ {"exception":"[object] (Symfony\\Component\\Debug\\Exception\\FatalErrorException(code: 1): Uncaught ReflectionException: Class translator does not exist in D:\\laragon\\www\\iesa\\vendor\\laravel\\framework\\src\\Illuminate\\Container\\Container.php:803
Stack trace:
#0 D:\\laragon\\www\\iesa\\vendor\\laravel\\framework\\src\\Illuminate\\Container\\Container.php(803): ReflectionClass->__construct('translator')
#1 D:\\laragon\\www\\iesa\\vendor\\laravel\\framework\\src\\Illuminate\\Container\\Container.php(681): Illuminate\\Container\\Container->build('translator')
#2 D:\\laragon\\www\\iesa\\vendor\\laravel\\framework\\src\\Illuminate\\Foundation\\Application.php(785): Illuminate\\Container\\Container->resolve('translator', Array, true)
#3 D:\\laragon\\www\\iesa\\vendor\\laravel\\framework\\src\\Illuminate\\Container\\Container.php(629): Illuminate\\Foundation\\Application->resolve('translator', Array)
#4 D:\\laragon\\www\\iesa\\vendor\\laravel\\framework\\src\\Illuminate\\Foundation\\Application.php(770): Illuminate\\Container\\Container->make('translator', Array)
#5 D:\\laragon\\www\\iesa\\vendor\\laravel\\framework\\src\\Illuminate\\Foundation\\helpers.php(121): Illuminate\\ at D:\\laragon\\www\\iesa\\vendor\\laravel\\framework\\src\\Illuminate\\Container\\Container.php:805)
[stacktrace]
#0 {main}
"} 
