2020-05-06 23:39:24 INFO: Access Token has expired. Hence refreshing.
2020-05-06 23:39:27 ERROR: zcrmsdk\crm\exception\ZCRMException Caused by:'No Content' in C:\xampp\htdocs\IESA_ADMIN\vendor\zohocrm\php-sdk\src\crm\api\response\BulkAPIResponse.php(61)
Trace::#0 C:\xampp\htdocs\IESA_ADMIN\vendor\zohocrm\php-sdk\src\crm\api\response\CommonAPIResponse.php(76): zcrmsdk\crm\api\response\BulkAPIResponse->handleForFaultyResponses()
#1 C:\xampp\htdocs\IESA_ADMIN\vendor\zohocrm\php-sdk\src\crm\api\response\CommonAPIResponse.php(67): zcrmsdk\crm\api\response\CommonAPIResponse->processResponse()
#2 C:\xampp\htdocs\IESA_ADMIN\vendor\zohocrm\php-sdk\src\crm\api\response\BulkAPIResponse.php(47): zcrmsdk\crm\api\response\CommonAPIResponse->__construct('HTTP/1.1 204 \r\n...', 204)
#3 C:\xampp\htdocs\IESA_ADMIN\vendor\zohocrm\php-sdk\src\crm\api\APIRequest.php(148): zcrmsdk\crm\api\response\BulkAPIResponse->__construct('HTTP/1.1 204 \r\n...', 204)
#4 C:\xampp\htdocs\IESA_ADMIN\vendor\zohocrm\php-sdk\src\crm\api\handler\MassEntityAPIHandler.php(326): zcrmsdk\crm\api\APIRequest->getBulkAPIResponse()
#5 C:\xampp\htdocs\IESA_ADMIN\vendor\zohocrm\php-sdk\src\crm\crud\ZCRMModule.php(1131): zcrmsdk\crm\api\handler\MassEntityAPIHandler->searchRecords(Array, 'criteria', 'Representante_e...')
#6 C:\xampp\htdocs\IESA_ADMIN\app\Http\Controllers\Admin\DealsController.php(70): zcrmsdk\crm\crud\ZCRMModule->searchRecordsByCriteria('Representante_e...', Array)
#7 [internal function]: App\Http\Controllers\Admin\DealsController->table()
#8 C:\xampp\htdocs\IESA_ADMIN\vendor\laravel\framework\src\Illuminate\Routing\Controller.php(54): call_user_func_array(Array, Array)
#9 C:\xampp\htdocs\IESA_ADMIN\vendor\laravel\framework\src\Illuminate\Routing\ControllerDispatcher.php(45): Illuminate\Routing\Controller->callAction('table', Array)
#10 C:\xampp\htdocs\IESA_ADMIN\vendor\laravel\framework\src\Illuminate\Routing\Route.php(219): Illuminate\Routing\ControllerDispatcher->dispatch(Object(Illuminate\Routing\Route), Object(App\Http\Controllers\Admin\DealsController), 'table')
#11 C:\xampp\htdocs\IESA_ADMIN\vendor\laravel\framework\src\Illuminate\Routing\Route.php(176): Illuminate\Routing\Route->runController()
#12 C:\xampp\htdocs\IESA_ADMIN\vendor\laravel\framework\src\Illuminate\Routing\Router.php(681): Illuminate\Routing\Route->run()
#13 C:\xampp\htdocs\IESA_ADMIN\vendor\laravel\framework\src\Illuminate\Pipeline\Pipeline.php(130): Illuminate\Routing\Router->Illuminate\Routing\{closure}(Object(Illuminate\Http\Request))
#14 C:\xampp\htdocs\IESA_ADMIN\app\Http\Middleware\SetLocale.php(24): Illuminate\Pipeline\Pipeline->Illuminate\Pipeline\{closure}(Object(Illuminate\Http\Request))
#15 C:\xampp\htdocs\IESA_ADMIN\vendor\laravel\framework\src\Illuminate\Pipeline\Pipeline.php(171): App\Http\Middleware\SetLocale->handle(Object(Illuminate\Http\Request), Object(Closure))
#16 C:\xampp\htdocs\IESA_ADMIN\app\Http\Middleware\AuthGates.php(34): Illuminate\Pipeline\Pipeline->Illuminate\Pipeline\{closure}(Object(Illuminate\Http\Request))
#17 C:\xampp\htdocs\IESA_ADMIN\vendor\laravel\framework\src\Illuminate\Pipeline\Pipeline.php(171): App\Http\Middleware\AuthGates->handle(Object(Illuminate\Http\Request), Object(Closure))
#18 C:\xampp\htdocs\IESA_ADMIN\vendor\laravel\framework\src\Illuminate\Routing\Middleware\SubstituteBindings.php(41): Illuminate\Pipeline\Pipeline->Illuminate\Pipeline\{closure}(Object(Illuminate\Http\Request))
#19 C:\xampp\htdocs\IESA_ADMIN\vendor\laravel\framework\src\Illuminate\Pipeline\Pipeline.php(171): Illuminate\Routing\Middleware\SubstituteBindings->handle(Object(Illuminate\Http\Request), Object(Closure))
#20 C:\xampp\htdocs\IESA_ADMIN\vendor\laravel\framework\src\Illuminate\Auth\Middleware\Authenticate.php(43): Illuminate\Pipeline\Pipeline->Illuminate\Pipeline\{closure}(Object(Illuminate\Http\Request))
#21 C:\xampp\htdocs\IESA_ADMIN\vendor\laravel\framework\src\Illuminate\Pipeline\Pipeline.php(171): Illuminate\Auth\Middleware\Authenticate->handle(Object(Illuminate\Http\Request), Object(Closure))
#22 C:\xampp\htdocs\IESA_ADMIN\vendor\laravel\framework\src\Illuminate\Foundation\Http\Middleware\VerifyCsrfToken.php(76): Illuminate\Pipeline\Pipeline->Illuminate\Pipeline\{closure}(Object(Illuminate\Http\Request))
#23 C:\xampp\htdocs\IESA_ADMIN\vendor\laravel\framework\src\Illuminate\Pipeline\Pipeline.php(171): Illuminate\Foundation\Http\Middleware\VerifyCsrfToken->handle(Object(Illuminate\Http\Request), Object(Closure))
#24 C:\xampp\htdocs\IESA_ADMIN\vendor\laravel\framework\src\Illuminate\View\Middleware\ShareErrorsFromSession.php(49): Illuminate\Pipeline\Pipeline->Illuminate\Pipeline\{closure}(Object(Illuminate\Http\Request))
#25 C:\xampp\htdocs\IESA_ADMIN\vendor\laravel\framework\src\Illuminate\Pipeline\Pipeline.php(171): Illuminate\View\Middleware\ShareErrorsFromSession->handle(Object(Illuminate\Http\Request), Object(Closure))
#26 C:\xampp\htdocs\IESA_ADMIN\vendor\laravel\framework\src\Illuminate\Session\Middleware\StartSession.php(56): Illuminate\Pipeline\Pipeline->Illuminate\Pipeline\{closure}(Object(Illuminate\Http\Request))
#27 C:\xampp\htdocs\IESA_ADMIN\vendor\laravel\framework\src\Illuminate\Pipeline\Pipeline.php(171): Illuminate\Session\Middleware\StartSession->handle(Object(Illuminate\Http\Request), Object(Closure))
#28 C:\xampp\htdocs\IESA_ADMIN\vendor\laravel\framework\src\Illuminate\Cookie\Middleware\AddQueuedCookiesToResponse.php(37): Illuminate\Pipeline\Pipeline->Illuminate\Pipeline\{closure}(Object(Illuminate\Http\Request))
#29 C:\xampp\htdocs\IESA_ADMIN\vendor\laravel\framework\src\Illuminate\Pipeline\Pipeline.php(171): Illuminate\Cookie\Middleware\AddQueuedCookiesToResponse->handle(Object(Illuminate\Http\Request), Object(Closure))
#30 C:\xampp\htdocs\IESA_ADMIN\vendor\laravel\framework\src\Illuminate\Cookie\Middleware\EncryptCookies.php(66): Illuminate\Pipeline\Pipeline->Illuminate\Pipeline\{closure}(Object(Illuminate\Http\Request))
#31 C:\xampp\htdocs\IESA_ADMIN\vendor\laravel\framework\src\Illuminate\Pipeline\Pipeline.php(171): Illuminate\Cookie\Middleware\EncryptCookies->handle(Object(Illuminate\Http\Request), Object(Closure))
#32 C:\xampp\htdocs\IESA_ADMIN\vendor\laravel\framework\src\Illuminate\Pipeline\Pipeline.php(105): Illuminate\Pipeline\Pipeline->Illuminate\Pipeline\{closure}(Object(Illuminate\Http\Request))
#33 C:\xampp\htdocs\IESA_ADMIN\vendor\laravel\framework\src\Illuminate\Routing\Router.php(683): Illuminate\Pipeline\Pipeline->then(Object(Closure))
#34 C:\xampp\htdocs\IESA_ADMIN\vendor\laravel\framework\src\Illuminate\Routing\Router.php(658): Illuminate\Routing\Router->runRouteWithinStack(Object(Illuminate\Routing\Route), Object(Illuminate\Http\Request))
#35 C:\xampp\htdocs\IESA_ADMIN\vendor\laravel\framework\src\Illuminate\Routing\Router.php(624): Illuminate\Routing\Router->runRoute(Object(Illuminate\Http\Request), Object(Illuminate\Routing\Route))
#36 C:\xampp\htdocs\IESA_ADMIN\vendor\laravel\framework\src\Illuminate\Routing\Router.php(613): Illuminate\Routing\Router->dispatchToRoute(Object(Illuminate\Http\Request))
#37 C:\xampp\htdocs\IESA_ADMIN\vendor\laravel\framework\src\Illuminate\Foundation\Http\Kernel.php(170): Illuminate\Routing\Router->dispatch(Object(Illuminate\Http\Request))
#38 C:\xampp\htdocs\IESA_ADMIN\vendor\laravel\framework\src\Illuminate\Pipeline\Pipeline.php(130): Illuminate\Foundation\Http\Kernel->Illuminate\Foundation\Http\{closure}(Object(Illuminate\Http\Request))
#39 C:\xampp\htdocs\IESA_ADMIN\vendor\laravel\framework\src\Illuminate\Foundation\Http\Middleware\TransformsRequest.php(21): Illuminate\Pipeline\Pipeline->Illuminate\Pipeline\{closure}(Object(Illuminate\Http\Request))
#40 C:\xampp\htdocs\IESA_ADMIN\vendor\laravel\framework\src\Illuminate\Pipeline\Pipeline.php(171): Illuminate\Foundation\Http\Middleware\TransformsRequest->handle(Object(Illuminate\Http\Request), Object(Closure))
#41 C:\xampp\htdocs\IESA_ADMIN\vendor\laravel\framework\src\Illuminate\Foundation\Http\Middleware\CheckForMaintenanceMode.php(63): Illuminate\Pipeline\Pipeline->Illuminate\Pipeline\{closure}(Object(Illuminate\Http\Request))
#42 C:\xampp\htdocs\IESA_ADMIN\vendor\laravel\framework\src\Illuminate\Pipeline\Pipeline.php(171): Illuminate\Foundation\Http\Middleware\CheckForMaintenanceMode->handle(Object(Illuminate\Http\Request), Object(Closure))
#43 C:\xampp\htdocs\IESA_ADMIN\vendor\laravel\framework\src\Illuminate\Foundation\Http\Middleware\ValidatePostSize.php(27): Illuminate\Pipeline\Pipeline->Illuminate\Pipeline\{closure}(Object(Illuminate\Http\Request))
#44 C:\xampp\htdocs\IESA_ADMIN\vendor\laravel\framework\src\Illuminate\Pipeline\Pipeline.php(171): Illuminate\Foundation\Http\Middleware\ValidatePostSize->handle(Object(Illuminate\Http\Request), Object(Closure))
#45 C:\xampp\htdocs\IESA_ADMIN\vendor\fideloper\proxy\src\TrustProxies.php(57): Illuminate\Pipeline\Pipeline->Illuminate\Pipeline\{closure}(Object(Illuminate\Http\Request))
#46 C:\xampp\htdocs\IESA_ADMIN\vendor\laravel\framework\src\Illuminate\Pipeline\Pipeline.php(171): Fideloper\Proxy\TrustProxies->handle(Object(Illuminate\Http\Request), Object(Closure))
#47 C:\xampp\htdocs\IESA_ADMIN\vendor\laravel\framework\src\Illuminate\Foundation\Http\Middleware\TransformsRequest.php(21): Illuminate\Pipeline\Pipeline->Illuminate\Pipeline\{closure}(Object(Illuminate\Http\Request))
#48 C:\xampp\htdocs\IESA_ADMIN\vendor\laravel\framework\src\Illuminate\Pipeline\Pipeline.php(171): Illuminate\Foundation\Http\Middleware\TransformsRequest->handle(Object(Illuminate\Http\Request), Object(Closure))
#49 C:\xampp\htdocs\IESA_ADMIN\vendor\laravel\framework\src\Illuminate\Pipeline\Pipeline.php(105): Illuminate\Pipeline\Pipeline->Illuminate\Pipeline\{closure}(Object(Illuminate\Http\Request))
#50 C:\xampp\htdocs\IESA_ADMIN\vendor\laravel\framework\src\Illuminate\Foundation\Http\Kernel.php(145): Illuminate\Pipeline\Pipeline->then(Object(Closure))
#51 C:\xampp\htdocs\IESA_ADMIN\vendor\laravel\framework\src\Illuminate\Foundation\Http\Kernel.php(110): Illuminate\Foundation\Http\Kernel->sendRequestThroughRouter(Object(Illuminate\Http\Request))
#52 C:\xampp\htdocs\IESA_ADMIN\public\index.php(55): Illuminate\Foundation\Http\Kernel->handle(Object(Illuminate\Http\Request))
#53 C:\xampp\htdocs\IESA_ADMIN\server.php(21): require_once('C:\\xampp\\htdocs...')
#54 {main}
2020-05-06 23:39:34 ERROR: zcrmsdk\crm\exception\ZCRMException Caused by:'No Content' in C:\xampp\htdocs\IESA_ADMIN\vendor\zohocrm\php-sdk\src\crm\api\response\BulkAPIResponse.php(61)
Trace::#0 C:\xampp\htdocs\IESA_ADMIN\vendor\zohocrm\php-sdk\src\crm\api\response\CommonAPIResponse.php(76): zcrmsdk\crm\api\response\BulkAPIResponse->handleForFaultyResponses()
#1 C:\xampp\htdocs\IESA_ADMIN\vendor\zohocrm\php-sdk\src\crm\api\response\CommonAPIResponse.php(67): zcrmsdk\crm\api\response\CommonAPIResponse->processResponse()
#2 C:\xampp\htdocs\IESA_ADMIN\vendor\zohocrm\php-sdk\src\crm\api\response\BulkAPIResponse.php(47): zcrmsdk\crm\api\response\CommonAPIResponse->__construct('HTTP/1.1 204 \r\n...', 204)
#3 C:\xampp\htdocs\IESA_ADMIN\vendor\zohocrm\php-sdk\src\crm\api\APIRequest.php(148): zcrmsdk\crm\api\response\BulkAPIResponse->__construct('HTTP/1.1 204 \r\n...', 204)
#4 C:\xampp\htdocs\IESA_ADMIN\vendor\zohocrm\php-sdk\src\crm\api\handler\MassEntityAPIHandler.php(326): zcrmsdk\crm\api\APIRequest->getBulkAPIResponse()
#5 C:\xampp\htdocs\IESA_ADMIN\vendor\zohocrm\php-sdk\src\crm\crud\ZCRMModule.php(1131): zcrmsdk\crm\api\handler\MassEntityAPIHandler->searchRecords(Array, 'criteria', 'Representante_e...')
#6 C:\xampp\htdocs\IESA_ADMIN\app\Http\Controllers\Admin\DealsController.php(70): zcrmsdk\crm\crud\ZCRMModule->searchRecordsByCriteria('Representante_e...', Array)
#7 [internal function]: App\Http\Controllers\Admin\DealsController->table()
#8 C:\xampp\htdocs\IESA_ADMIN\vendor\laravel\framework\src\Illuminate\Routing\Controller.php(54): call_user_func_array(Array, Array)
#9 C:\xampp\htdocs\IESA_ADMIN\vendor\laravel\framework\src\Illuminate\Routing\ControllerDispatcher.php(45): Illuminate\Routing\Controller->callAction('table', Array)
#10 C:\xampp\htdocs\IESA_ADMIN\vendor\laravel\framework\src\Illuminate\Routing\Route.php(219): Illuminate\Routing\ControllerDispatcher->dispatch(Object(Illuminate\Routing\Route), Object(App\Http\Controllers\Admin\DealsController), 'table')
#11 C:\xampp\htdocs\IESA_ADMIN\vendor\laravel\framework\src\Illuminate\Routing\Route.php(176): Illuminate\Routing\Route->runController()
#12 C:\xampp\htdocs\IESA_ADMIN\vendor\laravel\framework\src\Illuminate\Routing\Router.php(681): Illuminate\Routing\Route->run()
#13 C:\xampp\htdocs\IESA_ADMIN\vendor\laravel\framework\src\Illuminate\Pipeline\Pipeline.php(130): Illuminate\Routing\Router->Illuminate\Routing\{closure}(Object(Illuminate\Http\Request))
#14 C:\xampp\htdocs\IESA_ADMIN\app\Http\Middleware\SetLocale.php(24): Illuminate\Pipeline\Pipeline->Illuminate\Pipeline\{closure}(Object(Illuminate\Http\Request))
#15 C:\xampp\htdocs\IESA_ADMIN\vendor\laravel\framework\src\Illuminate\Pipeline\Pipeline.php(171): App\Http\Middleware\SetLocale->handle(Object(Illuminate\Http\Request), Object(Closure))
#16 C:\xampp\htdocs\IESA_ADMIN\app\Http\Middleware\AuthGates.php(34): Illuminate\Pipeline\Pipeline->Illuminate\Pipeline\{closure}(Object(Illuminate\Http\Request))
#17 C:\xampp\htdocs\IESA_ADMIN\vendor\laravel\framework\src\Illuminate\Pipeline\Pipeline.php(171): App\Http\Middleware\AuthGates->handle(Object(Illuminate\Http\Request), Object(Closure))
#18 C:\xampp\htdocs\IESA_ADMIN\vendor\laravel\framework\src\Illuminate\Routing\Middleware\SubstituteBindings.php(41): Illuminate\Pipeline\Pipeline->Illuminate\Pipeline\{closure}(Object(Illuminate\Http\Request))
#19 C:\xampp\htdocs\IESA_ADMIN\vendor\laravel\framework\src\Illuminate\Pipeline\Pipeline.php(171): Illuminate\Routing\Middleware\SubstituteBindings->handle(Object(Illuminate\Http\Request), Object(Closure))
#20 C:\xampp\htdocs\IESA_ADMIN\vendor\laravel\framework\src\Illuminate\Auth\Middleware\Authenticate.php(43): Illuminate\Pipeline\Pipeline->Illuminate\Pipeline\{closure}(Object(Illuminate\Http\Request))
#21 C:\xampp\htdocs\IESA_ADMIN\vendor\laravel\framework\src\Illuminate\Pipeline\Pipeline.php(171): Illuminate\Auth\Middleware\Authenticate->handle(Object(Illuminate\Http\Request), Object(Closure))
#22 C:\xampp\htdocs\IESA_ADMIN\vendor\laravel\framework\src\Illuminate\Foundation\Http\Middleware\VerifyCsrfToken.php(76): Illuminate\Pipeline\Pipeline->Illuminate\Pipeline\{closure}(Object(Illuminate\Http\Request))
#23 C:\xampp\htdocs\IESA_ADMIN\vendor\laravel\framework\src\Illuminate\Pipeline\Pipeline.php(171): Illuminate\Foundation\Http\Middleware\VerifyCsrfToken->handle(Object(Illuminate\Http\Request), Object(Closure))
#24 C:\xampp\htdocs\IESA_ADMIN\vendor\laravel\framework\src\Illuminate\View\Middleware\ShareErrorsFromSession.php(49): Illuminate\Pipeline\Pipeline->Illuminate\Pipeline\{closure}(Object(Illuminate\Http\Request))
#25 C:\xampp\htdocs\IESA_ADMIN\vendor\laravel\framework\src\Illuminate\Pipeline\Pipeline.php(171): Illuminate\View\Middleware\ShareErrorsFromSession->handle(Object(Illuminate\Http\Request), Object(Closure))
#26 C:\xampp\htdocs\IESA_ADMIN\vendor\laravel\framework\src\Illuminate\Session\Middleware\StartSession.php(56): Illuminate\Pipeline\Pipeline->Illuminate\Pipeline\{closure}(Object(Illuminate\Http\Request))
#27 C:\xampp\htdocs\IESA_ADMIN\vendor\laravel\framework\src\Illuminate\Pipeline\Pipeline.php(171): Illuminate\Session\Middleware\StartSession->handle(Object(Illuminate\Http\Request), Object(Closure))
#28 C:\xampp\htdocs\IESA_ADMIN\vendor\laravel\framework\src\Illuminate\Cookie\Middleware\AddQueuedCookiesToResponse.php(37): Illuminate\Pipeline\Pipeline->Illuminate\Pipeline\{closure}(Object(Illuminate\Http\Request))
#29 C:\xampp\htdocs\IESA_ADMIN\vendor\laravel\framework\src\Illuminate\Pipeline\Pipeline.php(171): Illuminate\Cookie\Middleware\AddQueuedCookiesToResponse->handle(Object(Illuminate\Http\Request), Object(Closure))
#30 C:\xampp\htdocs\IESA_ADMIN\vendor\laravel\framework\src\Illuminate\Cookie\Middleware\EncryptCookies.php(66): Illuminate\Pipeline\Pipeline->Illuminate\Pipeline\{closure}(Object(Illuminate\Http\Request))
#31 C:\xampp\htdocs\IESA_ADMIN\vendor\laravel\framework\src\Illuminate\Pipeline\Pipeline.php(171): Illuminate\Cookie\Middleware\EncryptCookies->handle(Object(Illuminate\Http\Request), Object(Closure))
#32 C:\xampp\htdocs\IESA_ADMIN\vendor\laravel\framework\src\Illuminate\Pipeline\Pipeline.php(105): Illuminate\Pipeline\Pipeline->Illuminate\Pipeline\{closure}(Object(Illuminate\Http\Request))
#33 C:\xampp\htdocs\IESA_ADMIN\vendor\laravel\framework\src\Illuminate\Routing\Router.php(683): Illuminate\Pipeline\Pipeline->then(Object(Closure))
#34 C:\xampp\htdocs\IESA_ADMIN\vendor\laravel\framework\src\Illuminate\Routing\Router.php(658): Illuminate\Routing\Router->runRouteWithinStack(Object(Illuminate\Routing\Route), Object(Illuminate\Http\Request))
#35 C:\xampp\htdocs\IESA_ADMIN\vendor\laravel\framework\src\Illuminate\Routing\Router.php(624): Illuminate\Routing\Router->runRoute(Object(Illuminate\Http\Request), Object(Illuminate\Routing\Route))
#36 C:\xampp\htdocs\IESA_ADMIN\vendor\laravel\framework\src\Illuminate\Routing\Router.php(613): Illuminate\Routing\Router->dispatchToRoute(Object(Illuminate\Http\Request))
#37 C:\xampp\htdocs\IESA_ADMIN\vendor\laravel\framework\src\Illuminate\Foundation\Http\Kernel.php(170): Illuminate\Routing\Router->dispatch(Object(Illuminate\Http\Request))
#38 C:\xampp\htdocs\IESA_ADMIN\vendor\laravel\framework\src\Illuminate\Pipeline\Pipeline.php(130): Illuminate\Foundation\Http\Kernel->Illuminate\Foundation\Http\{closure}(Object(Illuminate\Http\Request))
#39 C:\xampp\htdocs\IESA_ADMIN\vendor\laravel\framework\src\Illuminate\Foundation\Http\Middleware\TransformsRequest.php(21): Illuminate\Pipeline\Pipeline->Illuminate\Pipeline\{closure}(Object(Illuminate\Http\Request))
#40 C:\xampp\htdocs\IESA_ADMIN\vendor\laravel\framework\src\Illuminate\Pipeline\Pipeline.php(171): Illuminate\Foundation\Http\Middleware\TransformsRequest->handle(Object(Illuminate\Http\Request), Object(Closure))
#41 C:\xampp\htdocs\IESA_ADMIN\vendor\laravel\framework\src\Illuminate\Foundation\Http\Middleware\CheckForMaintenanceMode.php(63): Illuminate\Pipeline\Pipeline->Illuminate\Pipeline\{closure}(Object(Illuminate\Http\Request))
#42 C:\xampp\htdocs\IESA_ADMIN\vendor\laravel\framework\src\Illuminate\Pipeline\Pipeline.php(171): Illuminate\Foundation\Http\Middleware\CheckForMaintenanceMode->handle(Object(Illuminate\Http\Request), Object(Closure))
#43 C:\xampp\htdocs\IESA_ADMIN\vendor\laravel\framework\src\Illuminate\Foundation\Http\Middleware\ValidatePostSize.php(27): Illuminate\Pipeline\Pipeline->Illuminate\Pipeline\{closure}(Object(Illuminate\Http\Request))
#44 C:\xampp\htdocs\IESA_ADMIN\vendor\laravel\framework\src\Illuminate\Pipeline\Pipeline.php(171): Illuminate\Foundation\Http\Middleware\ValidatePostSize->handle(Object(Illuminate\Http\Request), Object(Closure))
#45 C:\xampp\htdocs\IESA_ADMIN\vendor\fideloper\proxy\src\TrustProxies.php(57): Illuminate\Pipeline\Pipeline->Illuminate\Pipeline\{closure}(Object(Illuminate\Http\Request))
#46 C:\xampp\htdocs\IESA_ADMIN\vendor\laravel\framework\src\Illuminate\Pipeline\Pipeline.php(171): Fideloper\Proxy\TrustProxies->handle(Object(Illuminate\Http\Request), Object(Closure))
#47 C:\xampp\htdocs\IESA_ADMIN\vendor\laravel\framework\src\Illuminate\Foundation\Http\Middleware\TransformsRequest.php(21): Illuminate\Pipeline\Pipeline->Illuminate\Pipeline\{closure}(Object(Illuminate\Http\Request))
#48 C:\xampp\htdocs\IESA_ADMIN\vendor\laravel\framework\src\Illuminate\Pipeline\Pipeline.php(171): Illuminate\Foundation\Http\Middleware\TransformsRequest->handle(Object(Illuminate\Http\Request), Object(Closure))
#49 C:\xampp\htdocs\IESA_ADMIN\vendor\laravel\framework\src\Illuminate\Pipeline\Pipeline.php(105): Illuminate\Pipeline\Pipeline->Illuminate\Pipeline\{closure}(Object(Illuminate\Http\Request))
#50 C:\xampp\htdocs\IESA_ADMIN\vendor\laravel\framework\src\Illuminate\Foundation\Http\Kernel.php(145): Illuminate\Pipeline\Pipeline->then(Object(Closure))
#51 C:\xampp\htdocs\IESA_ADMIN\vendor\laravel\framework\src\Illuminate\Foundation\Http\Kernel.php(110): Illuminate\Foundation\Http\Kernel->sendRequestThroughRouter(Object(Illuminate\Http\Request))
#52 C:\xampp\htdocs\IESA_ADMIN\public\index.php(55): Illuminate\Foundation\Http\Kernel->handle(Object(Illuminate\Http\Request))
#53 C:\xampp\htdocs\IESA_ADMIN\server.php(21): require_once('C:\\xampp\\htdocs...')
#54 {main}
2020-05-06 23:39:50 ERROR: zcrmsdk\crm\exception\ZCRMException Caused by:'No Content' in C:\xampp\htdocs\IESA_ADMIN\vendor\zohocrm\php-sdk\src\crm\api\response\BulkAPIResponse.php(61)
Trace::#0 C:\xampp\htdocs\IESA_ADMIN\vendor\zohocrm\php-sdk\src\crm\api\response\CommonAPIResponse.php(76): zcrmsdk\crm\api\response\BulkAPIResponse->handleForFaultyResponses()
#1 C:\xampp\htdocs\IESA_ADMIN\vendor\zohocrm\php-sdk\src\crm\api\response\CommonAPIResponse.php(67): zcrmsdk\crm\api\response\CommonAPIResponse->processResponse()
#2 C:\xampp\htdocs\IESA_ADMIN\vendor\zohocrm\php-sdk\src\crm\api\response\BulkAPIResponse.php(47): zcrmsdk\crm\api\response\CommonAPIResponse->__construct('HTTP/1.1 204 \r\n...', 204)
#3 C:\xampp\htdocs\IESA_ADMIN\vendor\zohocrm\php-sdk\src\crm\api\APIRequest.php(148): zcrmsdk\crm\api\response\BulkAPIResponse->__construct('HTTP/1.1 204 \r\n...', 204)
#4 C:\xampp\htdocs\IESA_ADMIN\vendor\zohocrm\php-sdk\src\crm\api\handler\MassEntityAPIHandler.php(326): zcrmsdk\crm\api\APIRequest->getBulkAPIResponse()
#5 C:\xampp\htdocs\IESA_ADMIN\vendor\zohocrm\php-sdk\src\crm\crud\ZCRMModule.php(1131): zcrmsdk\crm\api\handler\MassEntityAPIHandler->searchRecords(Array, 'criteria', 'Representante_e...')
#6 C:\xampp\htdocs\IESA_ADMIN\app\Http\Controllers\Admin\LeadsController.php(75): zcrmsdk\crm\crud\ZCRMModule->searchRecordsByCriteria('Representante_e...', Array)
#7 [internal function]: App\Http\Controllers\Admin\LeadsController->table()
#8 C:\xampp\htdocs\IESA_ADMIN\vendor\laravel\framework\src\Illuminate\Routing\Controller.php(54): call_user_func_array(Array, Array)
#9 C:\xampp\htdocs\IESA_ADMIN\vendor\laravel\framework\src\Illuminate\Routing\ControllerDispatcher.php(45): Illuminate\Routing\Controller->callAction('table', Array)
#10 C:\xampp\htdocs\IESA_ADMIN\vendor\laravel\framework\src\Illuminate\Routing\Route.php(219): Illuminate\Routing\ControllerDispatcher->dispatch(Object(Illuminate\Routing\Route), Object(App\Http\Controllers\Admin\LeadsController), 'table')
#11 C:\xampp\htdocs\IESA_ADMIN\vendor\laravel\framework\src\Illuminate\Routing\Route.php(176): Illuminate\Routing\Route->runController()
#12 C:\xampp\htdocs\IESA_ADMIN\vendor\laravel\framework\src\Illuminate\Routing\Router.php(681): Illuminate\Routing\Route->run()
#13 C:\xampp\htdocs\IESA_ADMIN\vendor\laravel\framework\src\Illuminate\Pipeline\Pipeline.php(130): Illuminate\Routing\Router->Illuminate\Routing\{closure}(Object(Illuminate\Http\Request))
#14 C:\xampp\htdocs\IESA_ADMIN\app\Http\Middleware\SetLocale.php(24): Illuminate\Pipeline\Pipeline->Illuminate\Pipeline\{closure}(Object(Illuminate\Http\Request))
#15 C:\xampp\htdocs\IESA_ADMIN\vendor\laravel\framework\src\Illuminate\Pipeline\Pipeline.php(171): App\Http\Middleware\SetLocale->handle(Object(Illuminate\Http\Request), Object(Closure))
#16 C:\xampp\htdocs\IESA_ADMIN\app\Http\Middleware\AuthGates.php(34): Illuminate\Pipeline\Pipeline->Illuminate\Pipeline\{closure}(Object(Illuminate\Http\Request))
#17 C:\xampp\htdocs\IESA_ADMIN\vendor\laravel\framework\src\Illuminate\Pipeline\Pipeline.php(171): App\Http\Middleware\AuthGates->handle(Object(Illuminate\Http\Request), Object(Closure))
#18 C:\xampp\htdocs\IESA_ADMIN\vendor\laravel\framework\src\Illuminate\Routing\Middleware\SubstituteBindings.php(41): Illuminate\Pipeline\Pipeline->Illuminate\Pipeline\{closure}(Object(Illuminate\Http\Request))
#19 C:\xampp\htdocs\IESA_ADMIN\vendor\laravel\framework\src\Illuminate\Pipeline\Pipeline.php(171): Illuminate\Routing\Middleware\SubstituteBindings->handle(Object(Illuminate\Http\Request), Object(Closure))
#20 C:\xampp\htdocs\IESA_ADMIN\vendor\laravel\framework\src\Illuminate\Auth\Middleware\Authenticate.php(43): Illuminate\Pipeline\Pipeline->Illuminate\Pipeline\{closure}(Object(Illuminate\Http\Request))
#21 C:\xampp\htdocs\IESA_ADMIN\vendor\laravel\framework\src\Illuminate\Pipeline\Pipeline.php(171): Illuminate\Auth\Middleware\Authenticate->handle(Object(Illuminate\Http\Request), Object(Closure))
#22 C:\xampp\htdocs\IESA_ADMIN\vendor\laravel\framework\src\Illuminate\Foundation\Http\Middleware\VerifyCsrfToken.php(76): Illuminate\Pipeline\Pipeline->Illuminate\Pipeline\{closure}(Object(Illuminate\Http\Request))
#23 C:\xampp\htdocs\IESA_ADMIN\vendor\laravel\framework\src\Illuminate\Pipeline\Pipeline.php(171): Illuminate\Foundation\Http\Middleware\VerifyCsrfToken->handle(Object(Illuminate\Http\Request), Object(Closure))
#24 C:\xampp\htdocs\IESA_ADMIN\vendor\laravel\framework\src\Illuminate\View\Middleware\ShareErrorsFromSession.php(49): Illuminate\Pipeline\Pipeline->Illuminate\Pipeline\{closure}(Object(Illuminate\Http\Request))
#25 C:\xampp\htdocs\IESA_ADMIN\vendor\laravel\framework\src\Illuminate\Pipeline\Pipeline.php(171): Illuminate\View\Middleware\ShareErrorsFromSession->handle(Object(Illuminate\Http\Request), Object(Closure))
#26 C:\xampp\htdocs\IESA_ADMIN\vendor\laravel\framework\src\Illuminate\Session\Middleware\StartSession.php(56): Illuminate\Pipeline\Pipeline->Illuminate\Pipeline\{closure}(Object(Illuminate\Http\Request))
#27 C:\xampp\htdocs\IESA_ADMIN\vendor\laravel\framework\src\Illuminate\Pipeline\Pipeline.php(171): Illuminate\Session\Middleware\StartSession->handle(Object(Illuminate\Http\Request), Object(Closure))
#28 C:\xampp\htdocs\IESA_ADMIN\vendor\laravel\framework\src\Illuminate\Cookie\Middleware\AddQueuedCookiesToResponse.php(37): Illuminate\Pipeline\Pipeline->Illuminate\Pipeline\{closure}(Object(Illuminate\Http\Request))
#29 C:\xampp\htdocs\IESA_ADMIN\vendor\laravel\framework\src\Illuminate\Pipeline\Pipeline.php(171): Illuminate\Cookie\Middleware\AddQueuedCookiesToResponse->handle(Object(Illuminate\Http\Request), Object(Closure))
#30 C:\xampp\htdocs\IESA_ADMIN\vendor\laravel\framework\src\Illuminate\Cookie\Middleware\EncryptCookies.php(66): Illuminate\Pipeline\Pipeline->Illuminate\Pipeline\{closure}(Object(Illuminate\Http\Request))
#31 C:\xampp\htdocs\IESA_ADMIN\vendor\laravel\framework\src\Illuminate\Pipeline\Pipeline.php(171): Illuminate\Cookie\Middleware\EncryptCookies->handle(Object(Illuminate\Http\Request), Object(Closure))
#32 C:\xampp\htdocs\IESA_ADMIN\vendor\laravel\framework\src\Illuminate\Pipeline\Pipeline.php(105): Illuminate\Pipeline\Pipeline->Illuminate\Pipeline\{closure}(Object(Illuminate\Http\Request))
#33 C:\xampp\htdocs\IESA_ADMIN\vendor\laravel\framework\src\Illuminate\Routing\Router.php(683): Illuminate\Pipeline\Pipeline->then(Object(Closure))
#34 C:\xampp\htdocs\IESA_ADMIN\vendor\laravel\framework\src\Illuminate\Routing\Router.php(658): Illuminate\Routing\Router->runRouteWithinStack(Object(Illuminate\Routing\Route), Object(Illuminate\Http\Request))
#35 C:\xampp\htdocs\IESA_ADMIN\vendor\laravel\framework\src\Illuminate\Routing\Router.php(624): Illuminate\Routing\Router->runRoute(Object(Illuminate\Http\Request), Object(Illuminate\Routing\Route))
#36 C:\xampp\htdocs\IESA_ADMIN\vendor\laravel\framework\src\Illuminate\Routing\Router.php(613): Illuminate\Routing\Router->dispatchToRoute(Object(Illuminate\Http\Request))
#37 C:\xampp\htdocs\IESA_ADMIN\vendor\laravel\framework\src\Illuminate\Foundation\Http\Kernel.php(170): Illuminate\Routing\Router->dispatch(Object(Illuminate\Http\Request))
#38 C:\xampp\htdocs\IESA_ADMIN\vendor\laravel\framework\src\Illuminate\Pipeline\Pipeline.php(130): Illuminate\Foundation\Http\Kernel->Illuminate\Foundation\Http\{closure}(Object(Illuminate\Http\Request))
#39 C:\xampp\htdocs\IESA_ADMIN\vendor\laravel\framework\src\Illuminate\Foundation\Http\Middleware\TransformsRequest.php(21): Illuminate\Pipeline\Pipeline->Illuminate\Pipeline\{closure}(Object(Illuminate\Http\Request))
#40 C:\xampp\htdocs\IESA_ADMIN\vendor\laravel\framework\src\Illuminate\Pipeline\Pipeline.php(171): Illuminate\Foundation\Http\Middleware\TransformsRequest->handle(Object(Illuminate\Http\Request), Object(Closure))
#41 C:\xampp\htdocs\IESA_ADMIN\vendor\laravel\framework\src\Illuminate\Foundation\Http\Middleware\CheckForMaintenanceMode.php(63): Illuminate\Pipeline\Pipeline->Illuminate\Pipeline\{closure}(Object(Illuminate\Http\Request))
#42 C:\xampp\htdocs\IESA_ADMIN\vendor\laravel\framework\src\Illuminate\Pipeline\Pipeline.php(171): Illuminate\Foundation\Http\Middleware\CheckForMaintenanceMode->handle(Object(Illuminate\Http\Request), Object(Closure))
#43 C:\xampp\htdocs\IESA_ADMIN\vendor\laravel\framework\src\Illuminate\Foundation\Http\Middleware\ValidatePostSize.php(27): Illuminate\Pipeline\Pipeline->Illuminate\Pipeline\{closure}(Object(Illuminate\Http\Request))
#44 C:\xampp\htdocs\IESA_ADMIN\vendor\laravel\framework\src\Illuminate\Pipeline\Pipeline.php(171): Illuminate\Foundation\Http\Middleware\ValidatePostSize->handle(Object(Illuminate\Http\Request), Object(Closure))
#45 C:\xampp\htdocs\IESA_ADMIN\vendor\fideloper\proxy\src\TrustProxies.php(57): Illuminate\Pipeline\Pipeline->Illuminate\Pipeline\{closure}(Object(Illuminate\Http\Request))
#46 C:\xampp\htdocs\IESA_ADMIN\vendor\laravel\framework\src\Illuminate\Pipeline\Pipeline.php(171): Fideloper\Proxy\TrustProxies->handle(Object(Illuminate\Http\Request), Object(Closure))
#47 C:\xampp\htdocs\IESA_ADMIN\vendor\laravel\framework\src\Illuminate\Foundation\Http\Middleware\TransformsRequest.php(21): Illuminate\Pipeline\Pipeline->Illuminate\Pipeline\{closure}(Object(Illuminate\Http\Request))
#48 C:\xampp\htdocs\IESA_ADMIN\vendor\laravel\framework\src\Illuminate\Pipeline\Pipeline.php(171): Illuminate\Foundation\Http\Middleware\TransformsRequest->handle(Object(Illuminate\Http\Request), Object(Closure))
#49 C:\xampp\htdocs\IESA_ADMIN\vendor\laravel\framework\src\Illuminate\Pipeline\Pipeline.php(105): Illuminate\Pipeline\Pipeline->Illuminate\Pipeline\{closure}(Object(Illuminate\Http\Request))
#50 C:\xampp\htdocs\IESA_ADMIN\vendor\laravel\framework\src\Illuminate\Foundation\Http\Kernel.php(145): Illuminate\Pipeline\Pipeline->then(Object(Closure))
#51 C:\xampp\htdocs\IESA_ADMIN\vendor\laravel\framework\src\Illuminate\Foundation\Http\Kernel.php(110): Illuminate\Foundation\Http\Kernel->sendRequestThroughRouter(Object(Illuminate\Http\Request))
#52 C:\xampp\htdocs\IESA_ADMIN\public\index.php(55): Illuminate\Foundation\Http\Kernel->handle(Object(Illuminate\Http\Request))
#53 C:\xampp\htdocs\IESA_ADMIN\server.php(21): require_once('C:\\xampp\\htdocs...')
#54 {main}
2020-05-06 23:40:23 ERROR: zcrmsdk\crm\exception\ZCRMException Caused by:'No Content' in C:\xampp\htdocs\IESA_ADMIN\vendor\zohocrm\php-sdk\src\crm\api\response\BulkAPIResponse.php(61)
Trace::#0 C:\xampp\htdocs\IESA_ADMIN\vendor\zohocrm\php-sdk\src\crm\api\response\CommonAPIResponse.php(76): zcrmsdk\crm\api\response\BulkAPIResponse->handleForFaultyResponses()
#1 C:\xampp\htdocs\IESA_ADMIN\vendor\zohocrm\php-sdk\src\crm\api\response\CommonAPIResponse.php(67): zcrmsdk\crm\api\response\CommonAPIResponse->processResponse()
#2 C:\xampp\htdocs\IESA_ADMIN\vendor\zohocrm\php-sdk\src\crm\api\response\BulkAPIResponse.php(47): zcrmsdk\crm\api\response\CommonAPIResponse->__construct('HTTP/1.1 204 \r\n...', 204)
#3 C:\xampp\htdocs\IESA_ADMIN\vendor\zohocrm\php-sdk\src\crm\api\APIRequest.php(148): zcrmsdk\crm\api\response\BulkAPIResponse->__construct('HTTP/1.1 204 \r\n...', 204)
#4 C:\xampp\htdocs\IESA_ADMIN\vendor\zohocrm\php-sdk\src\crm\api\handler\MassEntityAPIHandler.php(326): zcrmsdk\crm\api\APIRequest->getBulkAPIResponse()
#5 C:\xampp\htdocs\IESA_ADMIN\vendor\zohocrm\php-sdk\src\crm\crud\ZCRMModule.php(1131): zcrmsdk\crm\api\handler\MassEntityAPIHandler->searchRecords(Array, 'criteria', 'Representante_e...')
#6 C:\xampp\htdocs\IESA_ADMIN\app\Http\Controllers\Admin\LeadsController.php(75): zcrmsdk\crm\crud\ZCRMModule->searchRecordsByCriteria('Representante_e...', Array)
#7 [internal function]: App\Http\Controllers\Admin\LeadsController->table()
#8 C:\xampp\htdocs\IESA_ADMIN\vendor\laravel\framework\src\Illuminate\Routing\Controller.php(54): call_user_func_array(Array, Array)
#9 C:\xampp\htdocs\IESA_ADMIN\vendor\laravel\framework\src\Illuminate\Routing\ControllerDispatcher.php(45): Illuminate\Routing\Controller->callAction('table', Array)
#10 C:\xampp\htdocs\IESA_ADMIN\vendor\laravel\framework\src\Illuminate\Routing\Route.php(219): Illuminate\Routing\ControllerDispatcher->dispatch(Object(Illuminate\Routing\Route), Object(App\Http\Controllers\Admin\LeadsController), 'table')
#11 C:\xampp\htdocs\IESA_ADMIN\vendor\laravel\framework\src\Illuminate\Routing\Route.php(176): Illuminate\Routing\Route->runController()
#12 C:\xampp\htdocs\IESA_ADMIN\vendor\laravel\framework\src\Illuminate\Routing\Router.php(681): Illuminate\Routing\Route->run()
#13 C:\xampp\htdocs\IESA_ADMIN\vendor\laravel\framework\src\Illuminate\Pipeline\Pipeline.php(130): Illuminate\Routing\Router->Illuminate\Routing\{closure}(Object(Illuminate\Http\Request))
#14 C:\xampp\htdocs\IESA_ADMIN\app\Http\Middleware\SetLocale.php(24): Illuminate\Pipeline\Pipeline->Illuminate\Pipeline\{closure}(Object(Illuminate\Http\Request))
#15 C:\xampp\htdocs\IESA_ADMIN\vendor\laravel\framework\src\Illuminate\Pipeline\Pipeline.php(171): App\Http\Middleware\SetLocale->handle(Object(Illuminate\Http\Request), Object(Closure))
#16 C:\xampp\htdocs\IESA_ADMIN\app\Http\Middleware\AuthGates.php(34): Illuminate\Pipeline\Pipeline->Illuminate\Pipeline\{closure}(Object(Illuminate\Http\Request))
#17 C:\xampp\htdocs\IESA_ADMIN\vendor\laravel\framework\src\Illuminate\Pipeline\Pipeline.php(171): App\Http\Middleware\AuthGates->handle(Object(Illuminate\Http\Request), Object(Closure))
#18 C:\xampp\htdocs\IESA_ADMIN\vendor\laravel\framework\src\Illuminate\Routing\Middleware\SubstituteBindings.php(41): Illuminate\Pipeline\Pipeline->Illuminate\Pipeline\{closure}(Object(Illuminate\Http\Request))
#19 C:\xampp\htdocs\IESA_ADMIN\vendor\laravel\framework\src\Illuminate\Pipeline\Pipeline.php(171): Illuminate\Routing\Middleware\SubstituteBindings->handle(Object(Illuminate\Http\Request), Object(Closure))
#20 C:\xampp\htdocs\IESA_ADMIN\vendor\laravel\framework\src\Illuminate\Auth\Middleware\Authenticate.php(43): Illuminate\Pipeline\Pipeline->Illuminate\Pipeline\{closure}(Object(Illuminate\Http\Request))
#21 C:\xampp\htdocs\IESA_ADMIN\vendor\laravel\framework\src\Illuminate\Pipeline\Pipeline.php(171): Illuminate\Auth\Middleware\Authenticate->handle(Object(Illuminate\Http\Request), Object(Closure))
#22 C:\xampp\htdocs\IESA_ADMIN\vendor\laravel\framework\src\Illuminate\Foundation\Http\Middleware\VerifyCsrfToken.php(76): Illuminate\Pipeline\Pipeline->Illuminate\Pipeline\{closure}(Object(Illuminate\Http\Request))
#23 C:\xampp\htdocs\IESA_ADMIN\vendor\laravel\framework\src\Illuminate\Pipeline\Pipeline.php(171): Illuminate\Foundation\Http\Middleware\VerifyCsrfToken->handle(Object(Illuminate\Http\Request), Object(Closure))
#24 C:\xampp\htdocs\IESA_ADMIN\vendor\laravel\framework\src\Illuminate\View\Middleware\ShareErrorsFromSession.php(49): Illuminate\Pipeline\Pipeline->Illuminate\Pipeline\{closure}(Object(Illuminate\Http\Request))
#25 C:\xampp\htdocs\IESA_ADMIN\vendor\laravel\framework\src\Illuminate\Pipeline\Pipeline.php(171): Illuminate\View\Middleware\ShareErrorsFromSession->handle(Object(Illuminate\Http\Request), Object(Closure))
#26 C:\xampp\htdocs\IESA_ADMIN\vendor\laravel\framework\src\Illuminate\Session\Middleware\StartSession.php(56): Illuminate\Pipeline\Pipeline->Illuminate\Pipeline\{closure}(Object(Illuminate\Http\Request))
#27 C:\xampp\htdocs\IESA_ADMIN\vendor\laravel\framework\src\Illuminate\Pipeline\Pipeline.php(171): Illuminate\Session\Middleware\StartSession->handle(Object(Illuminate\Http\Request), Object(Closure))
#28 C:\xampp\htdocs\IESA_ADMIN\vendor\laravel\framework\src\Illuminate\Cookie\Middleware\AddQueuedCookiesToResponse.php(37): Illuminate\Pipeline\Pipeline->Illuminate\Pipeline\{closure}(Object(Illuminate\Http\Request))
#29 C:\xampp\htdocs\IESA_ADMIN\vendor\laravel\framework\src\Illuminate\Pipeline\Pipeline.php(171): Illuminate\Cookie\Middleware\AddQueuedCookiesToResponse->handle(Object(Illuminate\Http\Request), Object(Closure))
#30 C:\xampp\htdocs\IESA_ADMIN\vendor\laravel\framework\src\Illuminate\Cookie\Middleware\EncryptCookies.php(66): Illuminate\Pipeline\Pipeline->Illuminate\Pipeline\{closure}(Object(Illuminate\Http\Request))
#31 C:\xampp\htdocs\IESA_ADMIN\vendor\laravel\framework\src\Illuminate\Pipeline\Pipeline.php(171): Illuminate\Cookie\Middleware\EncryptCookies->handle(Object(Illuminate\Http\Request), Object(Closure))
#32 C:\xampp\htdocs\IESA_ADMIN\vendor\laravel\framework\src\Illuminate\Pipeline\Pipeline.php(105): Illuminate\Pipeline\Pipeline->Illuminate\Pipeline\{closure}(Object(Illuminate\Http\Request))
#33 C:\xampp\htdocs\IESA_ADMIN\vendor\laravel\framework\src\Illuminate\Routing\Router.php(683): Illuminate\Pipeline\Pipeline->then(Object(Closure))
#34 C:\xampp\htdocs\IESA_ADMIN\vendor\laravel\framework\src\Illuminate\Routing\Router.php(658): Illuminate\Routing\Router->runRouteWithinStack(Object(Illuminate\Routing\Route), Object(Illuminate\Http\Request))
#35 C:\xampp\htdocs\IESA_ADMIN\vendor\laravel\framework\src\Illuminate\Routing\Router.php(624): Illuminate\Routing\Router->runRoute(Object(Illuminate\Http\Request), Object(Illuminate\Routing\Route))
#36 C:\xampp\htdocs\IESA_ADMIN\vendor\laravel\framework\src\Illuminate\Routing\Router.php(613): Illuminate\Routing\Router->dispatchToRoute(Object(Illuminate\Http\Request))
#37 C:\xampp\htdocs\IESA_ADMIN\vendor\laravel\framework\src\Illuminate\Foundation\Http\Kernel.php(170): Illuminate\Routing\Router->dispatch(Object(Illuminate\Http\Request))
#38 C:\xampp\htdocs\IESA_ADMIN\vendor\laravel\framework\src\Illuminate\Pipeline\Pipeline.php(130): Illuminate\Foundation\Http\Kernel->Illuminate\Foundation\Http\{closure}(Object(Illuminate\Http\Request))
#39 C:\xampp\htdocs\IESA_ADMIN\vendor\laravel\framework\src\Illuminate\Foundation\Http\Middleware\TransformsRequest.php(21): Illuminate\Pipeline\Pipeline->Illuminate\Pipeline\{closure}(Object(Illuminate\Http\Request))
#40 C:\xampp\htdocs\IESA_ADMIN\vendor\laravel\framework\src\Illuminate\Pipeline\Pipeline.php(171): Illuminate\Foundation\Http\Middleware\TransformsRequest->handle(Object(Illuminate\Http\Request), Object(Closure))
#41 C:\xampp\htdocs\IESA_ADMIN\vendor\laravel\framework\src\Illuminate\Foundation\Http\Middleware\CheckForMaintenanceMode.php(63): Illuminate\Pipeline\Pipeline->Illuminate\Pipeline\{closure}(Object(Illuminate\Http\Request))
#42 C:\xampp\htdocs\IESA_ADMIN\vendor\laravel\framework\src\Illuminate\Pipeline\Pipeline.php(171): Illuminate\Foundation\Http\Middleware\CheckForMaintenanceMode->handle(Object(Illuminate\Http\Request), Object(Closure))
#43 C:\xampp\htdocs\IESA_ADMIN\vendor\laravel\framework\src\Illuminate\Foundation\Http\Middleware\ValidatePostSize.php(27): Illuminate\Pipeline\Pipeline->Illuminate\Pipeline\{closure}(Object(Illuminate\Http\Request))
#44 C:\xampp\htdocs\IESA_ADMIN\vendor\laravel\framework\src\Illuminate\Pipeline\Pipeline.php(171): Illuminate\Foundation\Http\Middleware\ValidatePostSize->handle(Object(Illuminate\Http\Request), Object(Closure))
#45 C:\xampp\htdocs\IESA_ADMIN\vendor\fideloper\proxy\src\TrustProxies.php(57): Illuminate\Pipeline\Pipeline->Illuminate\Pipeline\{closure}(Object(Illuminate\Http\Request))
#46 C:\xampp\htdocs\IESA_ADMIN\vendor\laravel\framework\src\Illuminate\Pipeline\Pipeline.php(171): Fideloper\Proxy\TrustProxies->handle(Object(Illuminate\Http\Request), Object(Closure))
#47 C:\xampp\htdocs\IESA_ADMIN\vendor\laravel\framework\src\Illuminate\Foundation\Http\Middleware\TransformsRequest.php(21): Illuminate\Pipeline\Pipeline->Illuminate\Pipeline\{closure}(Object(Illuminate\Http\Request))
#48 C:\xampp\htdocs\IESA_ADMIN\vendor\laravel\framework\src\Illuminate\Pipeline\Pipeline.php(171): Illuminate\Foundation\Http\Middleware\TransformsRequest->handle(Object(Illuminate\Http\Request), Object(Closure))
#49 C:\xampp\htdocs\IESA_ADMIN\vendor\laravel\framework\src\Illuminate\Pipeline\Pipeline.php(105): Illuminate\Pipeline\Pipeline->Illuminate\Pipeline\{closure}(Object(Illuminate\Http\Request))
#50 C:\xampp\htdocs\IESA_ADMIN\vendor\laravel\framework\src\Illuminate\Foundation\Http\Kernel.php(145): Illuminate\Pipeline\Pipeline->then(Object(Closure))
#51 C:\xampp\htdocs\IESA_ADMIN\vendor\laravel\framework\src\Illuminate\Foundation\Http\Kernel.php(110): Illuminate\Foundation\Http\Kernel->sendRequestThroughRouter(Object(Illuminate\Http\Request))
#52 C:\xampp\htdocs\IESA_ADMIN\public\index.php(55): Illuminate\Foundation\Http\Kernel->handle(Object(Illuminate\Http\Request))
#53 C:\xampp\htdocs\IESA_ADMIN\server.php(21): require_once('C:\\xampp\\htdocs...')
#54 {main}
2020-05-07 01:40:08 INFO: Access Token has expired. Hence refreshing.
2020-05-08 13:02:26 INFO: Access Token has expired. Hence refreshing.
2020-05-08 13:02:50 INFO: Access Token has expired. Hence refreshing.
2020-05-08 13:03:31 INFO: Access Token has expired. Hence refreshing.
2020-05-08 16:10:55 INFO: Access Token has expired. Hence refreshing.
2020-05-08 16:11:09 ERROR: zcrmsdk\crm\exception\ZCRMException Caused by:'No Content' in C:\xampp\htdocs\IESA_ADMIN\vendor\zohocrm\php-sdk\src\crm\api\response\BulkAPIResponse.php(61)
Trace::#0 C:\xampp\htdocs\IESA_ADMIN\vendor\zohocrm\php-sdk\src\crm\api\response\CommonAPIResponse.php(76): zcrmsdk\crm\api\response\BulkAPIResponse->handleForFaultyResponses()
#1 C:\xampp\htdocs\IESA_ADMIN\vendor\zohocrm\php-sdk\src\crm\api\response\CommonAPIResponse.php(67): zcrmsdk\crm\api\response\CommonAPIResponse->processResponse()
#2 C:\xampp\htdocs\IESA_ADMIN\vendor\zohocrm\php-sdk\src\crm\api\response\BulkAPIResponse.php(47): zcrmsdk\crm\api\response\CommonAPIResponse->__construct('HTTP/1.1 204 \r\n...', 204)
#3 C:\xampp\htdocs\IESA_ADMIN\vendor\zohocrm\php-sdk\src\crm\api\APIRequest.php(148): zcrmsdk\crm\api\response\BulkAPIResponse->__construct('HTTP/1.1 204 \r\n...', 204)
#4 C:\xampp\htdocs\IESA_ADMIN\vendor\zohocrm\php-sdk\src\crm\api\handler\MassEntityAPIHandler.php(326): zcrmsdk\crm\api\APIRequest->getBulkAPIResponse()
#5 C:\xampp\htdocs\IESA_ADMIN\vendor\zohocrm\php-sdk\src\crm\crud\ZCRMModule.php(1131): zcrmsdk\crm\api\handler\MassEntityAPIHandler->searchRecords(Array, 'criteria', 'Creado_Desde_Ad...')
#6 C:\xampp\htdocs\IESA_ADMIN\app\Http\Controllers\Admin\LeadsController.php(64): zcrmsdk\crm\crud\ZCRMModule->searchRecordsByCriteria('Creado_Desde_Ad...', Array)
#7 [internal function]: App\Http\Controllers\Admin\LeadsController->table()
#8 C:\xampp\htdocs\IESA_ADMIN\vendor\laravel\framework\src\Illuminate\Routing\Controller.php(54): call_user_func_array(Array, Array)
#9 C:\xampp\htdocs\IESA_ADMIN\vendor\laravel\framework\src\Illuminate\Routing\ControllerDispatcher.php(45): Illuminate\Routing\Controller->callAction('table', Array)
#10 C:\xampp\htdocs\IESA_ADMIN\vendor\laravel\framework\src\Illuminate\Routing\Route.php(219): Illuminate\Routing\ControllerDispatcher->dispatch(Object(Illuminate\Routing\Route), Object(App\Http\Controllers\Admin\LeadsController), 'table')
#11 C:\xampp\htdocs\IESA_ADMIN\vendor\laravel\framework\src\Illuminate\Routing\Route.php(176): Illuminate\Routing\Route->runController()
#12 C:\xampp\htdocs\IESA_ADMIN\vendor\laravel\framework\src\Illuminate\Routing\Router.php(681): Illuminate\Routing\Route->run()
#13 C:\xampp\htdocs\IESA_ADMIN\vendor\laravel\framework\src\Illuminate\Pipeline\Pipeline.php(130): Illuminate\Routing\Router->Illuminate\Routing\{closure}(Object(Illuminate\Http\Request))
#14 C:\xampp\htdocs\IESA_ADMIN\app\Http\Middleware\SetLocale.php(24): Illuminate\Pipeline\Pipeline->Illuminate\Pipeline\{closure}(Object(Illuminate\Http\Request))
#15 C:\xampp\htdocs\IESA_ADMIN\vendor\laravel\framework\src\Illuminate\Pipeline\Pipeline.php(171): App\Http\Middleware\SetLocale->handle(Object(Illuminate\Http\Request), Object(Closure))
#16 C:\xampp\htdocs\IESA_ADMIN\app\Http\Middleware\AuthGates.php(34): Illuminate\Pipeline\Pipeline->Illuminate\Pipeline\{closure}(Object(Illuminate\Http\Request))
#17 C:\xampp\htdocs\IESA_ADMIN\vendor\laravel\framework\src\Illuminate\Pipeline\Pipeline.php(171): App\Http\Middleware\AuthGates->handle(Object(Illuminate\Http\Request), Object(Closure))
#18 C:\xampp\htdocs\IESA_ADMIN\vendor\laravel\framework\src\Illuminate\Routing\Middleware\SubstituteBindings.php(41): Illuminate\Pipeline\Pipeline->Illuminate\Pipeline\{closure}(Object(Illuminate\Http\Request))
#19 C:\xampp\htdocs\IESA_ADMIN\vendor\laravel\framework\src\Illuminate\Pipeline\Pipeline.php(171): Illuminate\Routing\Middleware\SubstituteBindings->handle(Object(Illuminate\Http\Request), Object(Closure))
#20 C:\xampp\htdocs\IESA_ADMIN\vendor\laravel\framework\src\Illuminate\Auth\Middleware\Authenticate.php(43): Illuminate\Pipeline\Pipeline->Illuminate\Pipeline\{closure}(Object(Illuminate\Http\Request))
#21 C:\xampp\htdocs\IESA_ADMIN\vendor\laravel\framework\src\Illuminate\Pipeline\Pipeline.php(171): Illuminate\Auth\Middleware\Authenticate->handle(Object(Illuminate\Http\Request), Object(Closure))
#22 C:\xampp\htdocs\IESA_ADMIN\vendor\laravel\framework\src\Illuminate\Foundation\Http\Middleware\VerifyCsrfToken.php(76): Illuminate\Pipeline\Pipeline->Illuminate\Pipeline\{closure}(Object(Illuminate\Http\Request))
#23 C:\xampp\htdocs\IESA_ADMIN\vendor\laravel\framework\src\Illuminate\Pipeline\Pipeline.php(171): Illuminate\Foundation\Http\Middleware\VerifyCsrfToken->handle(Object(Illuminate\Http\Request), Object(Closure))
#24 C:\xampp\htdocs\IESA_ADMIN\vendor\laravel\framework\src\Illuminate\View\Middleware\ShareErrorsFromSession.php(49): Illuminate\Pipeline\Pipeline->Illuminate\Pipeline\{closure}(Object(Illuminate\Http\Request))
#25 C:\xampp\htdocs\IESA_ADMIN\vendor\laravel\framework\src\Illuminate\Pipeline\Pipeline.php(171): Illuminate\View\Middleware\ShareErrorsFromSession->handle(Object(Illuminate\Http\Request), Object(Closure))
#26 C:\xampp\htdocs\IESA_ADMIN\vendor\laravel\framework\src\Illuminate\Session\Middleware\StartSession.php(56): Illuminate\Pipeline\Pipeline->Illuminate\Pipeline\{closure}(Object(Illuminate\Http\Request))
#27 C:\xampp\htdocs\IESA_ADMIN\vendor\laravel\framework\src\Illuminate\Pipeline\Pipeline.php(171): Illuminate\Session\Middleware\StartSession->handle(Object(Illuminate\Http\Request), Object(Closure))
#28 C:\xampp\htdocs\IESA_ADMIN\vendor\laravel\framework\src\Illuminate\Cookie\Middleware\AddQueuedCookiesToResponse.php(37): Illuminate\Pipeline\Pipeline->Illuminate\Pipeline\{closure}(Object(Illuminate\Http\Request))
#29 C:\xampp\htdocs\IESA_ADMIN\vendor\laravel\framework\src\Illuminate\Pipeline\Pipeline.php(171): Illuminate\Cookie\Middleware\AddQueuedCookiesToResponse->handle(Object(Illuminate\Http\Request), Object(Closure))
#30 C:\xampp\htdocs\IESA_ADMIN\vendor\laravel\framework\src\Illuminate\Cookie\Middleware\EncryptCookies.php(66): Illuminate\Pipeline\Pipeline->Illuminate\Pipeline\{closure}(Object(Illuminate\Http\Request))
#31 C:\xampp\htdocs\IESA_ADMIN\vendor\laravel\framework\src\Illuminate\Pipeline\Pipeline.php(171): Illuminate\Cookie\Middleware\EncryptCookies->handle(Object(Illuminate\Http\Request), Object(Closure))
#32 C:\xampp\htdocs\IESA_ADMIN\vendor\laravel\framework\src\Illuminate\Pipeline\Pipeline.php(105): Illuminate\Pipeline\Pipeline->Illuminate\Pipeline\{closure}(Object(Illuminate\Http\Request))
#33 C:\xampp\htdocs\IESA_ADMIN\vendor\laravel\framework\src\Illuminate\Routing\Router.php(683): Illuminate\Pipeline\Pipeline->then(Object(Closure))
#34 C:\xampp\htdocs\IESA_ADMIN\vendor\laravel\framework\src\Illuminate\Routing\Router.php(658): Illuminate\Routing\Router->runRouteWithinStack(Object(Illuminate\Routing\Route), Object(Illuminate\Http\Request))
#35 C:\xampp\htdocs\IESA_ADMIN\vendor\laravel\framework\src\Illuminate\Routing\Router.php(624): Illuminate\Routing\Router->runRoute(Object(Illuminate\Http\Request), Object(Illuminate\Routing\Route))
#36 C:\xampp\htdocs\IESA_ADMIN\vendor\laravel\framework\src\Illuminate\Routing\Router.php(613): Illuminate\Routing\Router->dispatchToRoute(Object(Illuminate\Http\Request))
#37 C:\xampp\htdocs\IESA_ADMIN\vendor\laravel\framework\src\Illuminate\Foundation\Http\Kernel.php(170): Illuminate\Routing\Router->dispatch(Object(Illuminate\Http\Request))
#38 C:\xampp\htdocs\IESA_ADMIN\vendor\laravel\framework\src\Illuminate\Pipeline\Pipeline.php(130): Illuminate\Foundation\Http\Kernel->Illuminate\Foundation\Http\{closure}(Object(Illuminate\Http\Request))
#39 C:\xampp\htdocs\IESA_ADMIN\vendor\laravel\framework\src\Illuminate\Foundation\Http\Middleware\TransformsRequest.php(21): Illuminate\Pipeline\Pipeline->Illuminate\Pipeline\{closure}(Object(Illuminate\Http\Request))
#40 C:\xampp\htdocs\IESA_ADMIN\vendor\laravel\framework\src\Illuminate\Pipeline\Pipeline.php(171): Illuminate\Foundation\Http\Middleware\TransformsRequest->handle(Object(Illuminate\Http\Request), Object(Closure))
#41 C:\xampp\htdocs\IESA_ADMIN\vendor\laravel\framework\src\Illuminate\Foundation\Http\Middleware\CheckForMaintenanceMode.php(63): Illuminate\Pipeline\Pipeline->Illuminate\Pipeline\{closure}(Object(Illuminate\Http\Request))
#42 C:\xampp\htdocs\IESA_ADMIN\vendor\laravel\framework\src\Illuminate\Pipeline\Pipeline.php(171): Illuminate\Foundation\Http\Middleware\CheckForMaintenanceMode->handle(Object(Illuminate\Http\Request), Object(Closure))
#43 C:\xampp\htdocs\IESA_ADMIN\vendor\laravel\framework\src\Illuminate\Foundation\Http\Middleware\ValidatePostSize.php(27): Illuminate\Pipeline\Pipeline->Illuminate\Pipeline\{closure}(Object(Illuminate\Http\Request))
#44 C:\xampp\htdocs\IESA_ADMIN\vendor\laravel\framework\src\Illuminate\Pipeline\Pipeline.php(171): Illuminate\Foundation\Http\Middleware\ValidatePostSize->handle(Object(Illuminate\Http\Request), Object(Closure))
#45 C:\xampp\htdocs\IESA_ADMIN\vendor\fideloper\proxy\src\TrustProxies.php(57): Illuminate\Pipeline\Pipeline->Illuminate\Pipeline\{closure}(Object(Illuminate\Http\Request))
#46 C:\xampp\htdocs\IESA_ADMIN\vendor\laravel\framework\src\Illuminate\Pipeline\Pipeline.php(171): Fideloper\Proxy\TrustProxies->handle(Object(Illuminate\Http\Request), Object(Closure))
#47 C:\xampp\htdocs\IESA_ADMIN\vendor\laravel\framework\src\Illuminate\Foundation\Http\Middleware\TransformsRequest.php(21): Illuminate\Pipeline\Pipeline->Illuminate\Pipeline\{closure}(Object(Illuminate\Http\Request))
#48 C:\xampp\htdocs\IESA_ADMIN\vendor\laravel\framework\src\Illuminate\Pipeline\Pipeline.php(171): Illuminate\Foundation\Http\Middleware\TransformsRequest->handle(Object(Illuminate\Http\Request), Object(Closure))
#49 C:\xampp\htdocs\IESA_ADMIN\vendor\laravel\framework\src\Illuminate\Pipeline\Pipeline.php(105): Illuminate\Pipeline\Pipeline->Illuminate\Pipeline\{closure}(Object(Illuminate\Http\Request))
#50 C:\xampp\htdocs\IESA_ADMIN\vendor\laravel\framework\src\Illuminate\Foundation\Http\Kernel.php(145): Illuminate\Pipeline\Pipeline->then(Object(Closure))
#51 C:\xampp\htdocs\IESA_ADMIN\vendor\laravel\framework\src\Illuminate\Foundation\Http\Kernel.php(110): Illuminate\Foundation\Http\Kernel->sendRequestThroughRouter(Object(Illuminate\Http\Request))
#52 C:\xampp\htdocs\IESA_ADMIN\public\index.php(55): Illuminate\Foundation\Http\Kernel->handle(Object(Illuminate\Http\Request))
#53 C:\xampp\htdocs\IESA_ADMIN\server.php(21): require_once('C:\\xampp\\htdocs...')
#54 {main}
2020-05-08 16:11:14 ERROR: zcrmsdk\crm\exception\ZCRMException Caused by:'No Content' in C:\xampp\htdocs\IESA_ADMIN\vendor\zohocrm\php-sdk\src\crm\api\response\BulkAPIResponse.php(61)
Trace::#0 C:\xampp\htdocs\IESA_ADMIN\vendor\zohocrm\php-sdk\src\crm\api\response\CommonAPIResponse.php(76): zcrmsdk\crm\api\response\BulkAPIResponse->handleForFaultyResponses()
#1 C:\xampp\htdocs\IESA_ADMIN\vendor\zohocrm\php-sdk\src\crm\api\response\CommonAPIResponse.php(67): zcrmsdk\crm\api\response\CommonAPIResponse->processResponse()
#2 C:\xampp\htdocs\IESA_ADMIN\vendor\zohocrm\php-sdk\src\crm\api\response\BulkAPIResponse.php(47): zcrmsdk\crm\api\response\CommonAPIResponse->__construct('HTTP/1.1 204 \r\n...', 204)
#3 C:\xampp\htdocs\IESA_ADMIN\vendor\zohocrm\php-sdk\src\crm\api\APIRequest.php(148): zcrmsdk\crm\api\response\BulkAPIResponse->__construct('HTTP/1.1 204 \r\n...', 204)
#4 C:\xampp\htdocs\IESA_ADMIN\vendor\zohocrm\php-sdk\src\crm\api\handler\MassEntityAPIHandler.php(326): zcrmsdk\crm\api\APIRequest->getBulkAPIResponse()
#5 C:\xampp\htdocs\IESA_ADMIN\vendor\zohocrm\php-sdk\src\crm\crud\ZCRMModule.php(1131): zcrmsdk\crm\api\handler\MassEntityAPIHandler->searchRecords(Array, 'criteria', 'Creado_Desde_Ad...')
#6 C:\xampp\htdocs\IESA_ADMIN\app\Http\Controllers\Admin\LeadsController.php(64): zcrmsdk\crm\crud\ZCRMModule->searchRecordsByCriteria('Creado_Desde_Ad...', Array)
#7 [internal function]: App\Http\Controllers\Admin\LeadsController->table()
#8 C:\xampp\htdocs\IESA_ADMIN\vendor\laravel\framework\src\Illuminate\Routing\Controller.php(54): call_user_func_array(Array, Array)
#9 C:\xampp\htdocs\IESA_ADMIN\vendor\laravel\framework\src\Illuminate\Routing\ControllerDispatcher.php(45): Illuminate\Routing\Controller->callAction('table', Array)
#10 C:\xampp\htdocs\IESA_ADMIN\vendor\laravel\framework\src\Illuminate\Routing\Route.php(219): Illuminate\Routing\ControllerDispatcher->dispatch(Object(Illuminate\Routing\Route), Object(App\Http\Controllers\Admin\LeadsController), 'table')
#11 C:\xampp\htdocs\IESA_ADMIN\vendor\laravel\framework\src\Illuminate\Routing\Route.php(176): Illuminate\Routing\Route->runController()
#12 C:\xampp\htdocs\IESA_ADMIN\vendor\laravel\framework\src\Illuminate\Routing\Router.php(681): Illuminate\Routing\Route->run()
#13 C:\xampp\htdocs\IESA_ADMIN\vendor\laravel\framework\src\Illuminate\Pipeline\Pipeline.php(130): Illuminate\Routing\Router->Illuminate\Routing\{closure}(Object(Illuminate\Http\Request))
#14 C:\xampp\htdocs\IESA_ADMIN\app\Http\Middleware\SetLocale.php(24): Illuminate\Pipeline\Pipeline->Illuminate\Pipeline\{closure}(Object(Illuminate\Http\Request))
#15 C:\xampp\htdocs\IESA_ADMIN\vendor\laravel\framework\src\Illuminate\Pipeline\Pipeline.php(171): App\Http\Middleware\SetLocale->handle(Object(Illuminate\Http\Request), Object(Closure))
#16 C:\xampp\htdocs\IESA_ADMIN\app\Http\Middleware\AuthGates.php(34): Illuminate\Pipeline\Pipeline->Illuminate\Pipeline\{closure}(Object(Illuminate\Http\Request))
#17 C:\xampp\htdocs\IESA_ADMIN\vendor\laravel\framework\src\Illuminate\Pipeline\Pipeline.php(171): App\Http\Middleware\AuthGates->handle(Object(Illuminate\Http\Request), Object(Closure))
#18 C:\xampp\htdocs\IESA_ADMIN\vendor\laravel\framework\src\Illuminate\Routing\Middleware\SubstituteBindings.php(41): Illuminate\Pipeline\Pipeline->Illuminate\Pipeline\{closure}(Object(Illuminate\Http\Request))
#19 C:\xampp\htdocs\IESA_ADMIN\vendor\laravel\framework\src\Illuminate\Pipeline\Pipeline.php(171): Illuminate\Routing\Middleware\SubstituteBindings->handle(Object(Illuminate\Http\Request), Object(Closure))
#20 C:\xampp\htdocs\IESA_ADMIN\vendor\laravel\framework\src\Illuminate\Auth\Middleware\Authenticate.php(43): Illuminate\Pipeline\Pipeline->Illuminate\Pipeline\{closure}(Object(Illuminate\Http\Request))
#21 C:\xampp\htdocs\IESA_ADMIN\vendor\laravel\framework\src\Illuminate\Pipeline\Pipeline.php(171): Illuminate\Auth\Middleware\Authenticate->handle(Object(Illuminate\Http\Request), Object(Closure))
#22 C:\xampp\htdocs\IESA_ADMIN\vendor\laravel\framework\src\Illuminate\Foundation\Http\Middleware\VerifyCsrfToken.php(76): Illuminate\Pipeline\Pipeline->Illuminate\Pipeline\{closure}(Object(Illuminate\Http\Request))
#23 C:\xampp\htdocs\IESA_ADMIN\vendor\laravel\framework\src\Illuminate\Pipeline\Pipeline.php(171): Illuminate\Foundation\Http\Middleware\VerifyCsrfToken->handle(Object(Illuminate\Http\Request), Object(Closure))
#24 C:\xampp\htdocs\IESA_ADMIN\vendor\laravel\framework\src\Illuminate\View\Middleware\ShareErrorsFromSession.php(49): Illuminate\Pipeline\Pipeline->Illuminate\Pipeline\{closure}(Object(Illuminate\Http\Request))
#25 C:\xampp\htdocs\IESA_ADMIN\vendor\laravel\framework\src\Illuminate\Pipeline\Pipeline.php(171): Illuminate\View\Middleware\ShareErrorsFromSession->handle(Object(Illuminate\Http\Request), Object(Closure))
#26 C:\xampp\htdocs\IESA_ADMIN\vendor\laravel\framework\src\Illuminate\Session\Middleware\StartSession.php(56): Illuminate\Pipeline\Pipeline->Illuminate\Pipeline\{closure}(Object(Illuminate\Http\Request))
#27 C:\xampp\htdocs\IESA_ADMIN\vendor\laravel\framework\src\Illuminate\Pipeline\Pipeline.php(171): Illuminate\Session\Middleware\StartSession->handle(Object(Illuminate\Http\Request), Object(Closure))
#28 C:\xampp\htdocs\IESA_ADMIN\vendor\laravel\framework\src\Illuminate\Cookie\Middleware\AddQueuedCookiesToResponse.php(37): Illuminate\Pipeline\Pipeline->Illuminate\Pipeline\{closure}(Object(Illuminate\Http\Request))
#29 C:\xampp\htdocs\IESA_ADMIN\vendor\laravel\framework\src\Illuminate\Pipeline\Pipeline.php(171): Illuminate\Cookie\Middleware\AddQueuedCookiesToResponse->handle(Object(Illuminate\Http\Request), Object(Closure))
#30 C:\xampp\htdocs\IESA_ADMIN\vendor\laravel\framework\src\Illuminate\Cookie\Middleware\EncryptCookies.php(66): Illuminate\Pipeline\Pipeline->Illuminate\Pipeline\{closure}(Object(Illuminate\Http\Request))
#31 C:\xampp\htdocs\IESA_ADMIN\vendor\laravel\framework\src\Illuminate\Pipeline\Pipeline.php(171): Illuminate\Cookie\Middleware\EncryptCookies->handle(Object(Illuminate\Http\Request), Object(Closure))
#32 C:\xampp\htdocs\IESA_ADMIN\vendor\laravel\framework\src\Illuminate\Pipeline\Pipeline.php(105): Illuminate\Pipeline\Pipeline->Illuminate\Pipeline\{closure}(Object(Illuminate\Http\Request))
#33 C:\xampp\htdocs\IESA_ADMIN\vendor\laravel\framework\src\Illuminate\Routing\Router.php(683): Illuminate\Pipeline\Pipeline->then(Object(Closure))
#34 C:\xampp\htdocs\IESA_ADMIN\vendor\laravel\framework\src\Illuminate\Routing\Router.php(658): Illuminate\Routing\Router->runRouteWithinStack(Object(Illuminate\Routing\Route), Object(Illuminate\Http\Request))
#35 C:\xampp\htdocs\IESA_ADMIN\vendor\laravel\framework\src\Illuminate\Routing\Router.php(624): Illuminate\Routing\Router->runRoute(Object(Illuminate\Http\Request), Object(Illuminate\Routing\Route))
#36 C:\xampp\htdocs\IESA_ADMIN\vendor\laravel\framework\src\Illuminate\Routing\Router.php(613): Illuminate\Routing\Router->dispatchToRoute(Object(Illuminate\Http\Request))
#37 C:\xampp\htdocs\IESA_ADMIN\vendor\laravel\framework\src\Illuminate\Foundation\Http\Kernel.php(170): Illuminate\Routing\Router->dispatch(Object(Illuminate\Http\Request))
#38 C:\xampp\htdocs\IESA_ADMIN\vendor\laravel\framework\src\Illuminate\Pipeline\Pipeline.php(130): Illuminate\Foundation\Http\Kernel->Illuminate\Foundation\Http\{closure}(Object(Illuminate\Http\Request))
#39 C:\xampp\htdocs\IESA_ADMIN\vendor\laravel\framework\src\Illuminate\Foundation\Http\Middleware\TransformsRequest.php(21): Illuminate\Pipeline\Pipeline->Illuminate\Pipeline\{closure}(Object(Illuminate\Http\Request))
#40 C:\xampp\htdocs\IESA_ADMIN\vendor\laravel\framework\src\Illuminate\Pipeline\Pipeline.php(171): Illuminate\Foundation\Http\Middleware\TransformsRequest->handle(Object(Illuminate\Http\Request), Object(Closure))
#41 C:\xampp\htdocs\IESA_ADMIN\vendor\laravel\framework\src\Illuminate\Foundation\Http\Middleware\CheckForMaintenanceMode.php(63): Illuminate\Pipeline\Pipeline->Illuminate\Pipeline\{closure}(Object(Illuminate\Http\Request))
#42 C:\xampp\htdocs\IESA_ADMIN\vendor\laravel\framework\src\Illuminate\Pipeline\Pipeline.php(171): Illuminate\Foundation\Http\Middleware\CheckForMaintenanceMode->handle(Object(Illuminate\Http\Request), Object(Closure))
#43 C:\xampp\htdocs\IESA_ADMIN\vendor\laravel\framework\src\Illuminate\Foundation\Http\Middleware\ValidatePostSize.php(27): Illuminate\Pipeline\Pipeline->Illuminate\Pipeline\{closure}(Object(Illuminate\Http\Request))
#44 C:\xampp\htdocs\IESA_ADMIN\vendor\laravel\framework\src\Illuminate\Pipeline\Pipeline.php(171): Illuminate\Foundation\Http\Middleware\ValidatePostSize->handle(Object(Illuminate\Http\Request), Object(Closure))
#45 C:\xampp\htdocs\IESA_ADMIN\vendor\fideloper\proxy\src\TrustProxies.php(57): Illuminate\Pipeline\Pipeline->Illuminate\Pipeline\{closure}(Object(Illuminate\Http\Request))
#46 C:\xampp\htdocs\IESA_ADMIN\vendor\laravel\framework\src\Illuminate\Pipeline\Pipeline.php(171): Fideloper\Proxy\TrustProxies->handle(Object(Illuminate\Http\Request), Object(Closure))
#47 C:\xampp\htdocs\IESA_ADMIN\vendor\laravel\framework\src\Illuminate\Foundation\Http\Middleware\TransformsRequest.php(21): Illuminate\Pipeline\Pipeline->Illuminate\Pipeline\{closure}(Object(Illuminate\Http\Request))
#48 C:\xampp\htdocs\IESA_ADMIN\vendor\laravel\framework\src\Illuminate\Pipeline\Pipeline.php(171): Illuminate\Foundation\Http\Middleware\TransformsRequest->handle(Object(Illuminate\Http\Request), Object(Closure))
#49 C:\xampp\htdocs\IESA_ADMIN\vendor\laravel\framework\src\Illuminate\Pipeline\Pipeline.php(105): Illuminate\Pipeline\Pipeline->Illuminate\Pipeline\{closure}(Object(Illuminate\Http\Request))
#50 C:\xampp\htdocs\IESA_ADMIN\vendor\laravel\framework\src\Illuminate\Foundation\Http\Kernel.php(145): Illuminate\Pipeline\Pipeline->then(Object(Closure))
#51 C:\xampp\htdocs\IESA_ADMIN\vendor\laravel\framework\src\Illuminate\Foundation\Http\Kernel.php(110): Illuminate\Foundation\Http\Kernel->sendRequestThroughRouter(Object(Illuminate\Http\Request))
#52 C:\xampp\htdocs\IESA_ADMIN\public\index.php(55): Illuminate\Foundation\Http\Kernel->handle(Object(Illuminate\Http\Request))
#53 C:\xampp\htdocs\IESA_ADMIN\server.php(21): require_once('C:\\xampp\\htdocs...')
#54 {main}
2020-05-08 16:11:22 ERROR: zcrmsdk\crm\exception\ZCRMException Caused by:'No Content' in C:\xampp\htdocs\IESA_ADMIN\vendor\zohocrm\php-sdk\src\crm\api\response\BulkAPIResponse.php(61)
Trace::#0 C:\xampp\htdocs\IESA_ADMIN\vendor\zohocrm\php-sdk\src\crm\api\response\CommonAPIResponse.php(76): zcrmsdk\crm\api\response\BulkAPIResponse->handleForFaultyResponses()
#1 C:\xampp\htdocs\IESA_ADMIN\vendor\zohocrm\php-sdk\src\crm\api\response\CommonAPIResponse.php(67): zcrmsdk\crm\api\response\CommonAPIResponse->processResponse()
#2 C:\xampp\htdocs\IESA_ADMIN\vendor\zohocrm\php-sdk\src\crm\api\response\BulkAPIResponse.php(47): zcrmsdk\crm\api\response\CommonAPIResponse->__construct('HTTP/1.1 204 \r\n...', 204)
#3 C:\xampp\htdocs\IESA_ADMIN\vendor\zohocrm\php-sdk\src\crm\api\APIRequest.php(148): zcrmsdk\crm\api\response\BulkAPIResponse->__construct('HTTP/1.1 204 \r\n...', 204)
#4 C:\xampp\htdocs\IESA_ADMIN\vendor\zohocrm\php-sdk\src\crm\api\handler\MassEntityAPIHandler.php(326): zcrmsdk\crm\api\APIRequest->getBulkAPIResponse()
#5 C:\xampp\htdocs\IESA_ADMIN\vendor\zohocrm\php-sdk\src\crm\crud\ZCRMModule.php(1131): zcrmsdk\crm\api\handler\MassEntityAPIHandler->searchRecords(Array, 'criteria', 'Creado_Desde_Ad...')
#6 C:\xampp\htdocs\IESA_ADMIN\app\Http\Controllers\Admin\LeadsController.php(64): zcrmsdk\crm\crud\ZCRMModule->searchRecordsByCriteria('Creado_Desde_Ad...', Array)
#7 [internal function]: App\Http\Controllers\Admin\LeadsController->table()
#8 C:\xampp\htdocs\IESA_ADMIN\vendor\laravel\framework\src\Illuminate\Routing\Controller.php(54): call_user_func_array(Array, Array)
#9 C:\xampp\htdocs\IESA_ADMIN\vendor\laravel\framework\src\Illuminate\Routing\ControllerDispatcher.php(45): Illuminate\Routing\Controller->callAction('table', Array)
#10 C:\xampp\htdocs\IESA_ADMIN\vendor\laravel\framework\src\Illuminate\Routing\Route.php(219): Illuminate\Routing\ControllerDispatcher->dispatch(Object(Illuminate\Routing\Route), Object(App\Http\Controllers\Admin\LeadsController), 'table')
#11 C:\xampp\htdocs\IESA_ADMIN\vendor\laravel\framework\src\Illuminate\Routing\Route.php(176): Illuminate\Routing\Route->runController()
#12 C:\xampp\htdocs\IESA_ADMIN\vendor\laravel\framework\src\Illuminate\Routing\Router.php(681): Illuminate\Routing\Route->run()
#13 C:\xampp\htdocs\IESA_ADMIN\vendor\laravel\framework\src\Illuminate\Pipeline\Pipeline.php(130): Illuminate\Routing\Router->Illuminate\Routing\{closure}(Object(Illuminate\Http\Request))
#14 C:\xampp\htdocs\IESA_ADMIN\app\Http\Middleware\SetLocale.php(24): Illuminate\Pipeline\Pipeline->Illuminate\Pipeline\{closure}(Object(Illuminate\Http\Request))
#15 C:\xampp\htdocs\IESA_ADMIN\vendor\laravel\framework\src\Illuminate\Pipeline\Pipeline.php(171): App\Http\Middleware\SetLocale->handle(Object(Illuminate\Http\Request), Object(Closure))
#16 C:\xampp\htdocs\IESA_ADMIN\app\Http\Middleware\AuthGates.php(34): Illuminate\Pipeline\Pipeline->Illuminate\Pipeline\{closure}(Object(Illuminate\Http\Request))
#17 C:\xampp\htdocs\IESA_ADMIN\vendor\laravel\framework\src\Illuminate\Pipeline\Pipeline.php(171): App\Http\Middleware\AuthGates->handle(Object(Illuminate\Http\Request), Object(Closure))
#18 C:\xampp\htdocs\IESA_ADMIN\vendor\laravel\framework\src\Illuminate\Routing\Middleware\SubstituteBindings.php(41): Illuminate\Pipeline\Pipeline->Illuminate\Pipeline\{closure}(Object(Illuminate\Http\Request))
#19 C:\xampp\htdocs\IESA_ADMIN\vendor\laravel\framework\src\Illuminate\Pipeline\Pipeline.php(171): Illuminate\Routing\Middleware\SubstituteBindings->handle(Object(Illuminate\Http\Request), Object(Closure))
#20 C:\xampp\htdocs\IESA_ADMIN\vendor\laravel\framework\src\Illuminate\Auth\Middleware\Authenticate.php(43): Illuminate\Pipeline\Pipeline->Illuminate\Pipeline\{closure}(Object(Illuminate\Http\Request))
#21 C:\xampp\htdocs\IESA_ADMIN\vendor\laravel\framework\src\Illuminate\Pipeline\Pipeline.php(171): Illuminate\Auth\Middleware\Authenticate->handle(Object(Illuminate\Http\Request), Object(Closure))
#22 C:\xampp\htdocs\IESA_ADMIN\vendor\laravel\framework\src\Illuminate\Foundation\Http\Middleware\VerifyCsrfToken.php(76): Illuminate\Pipeline\Pipeline->Illuminate\Pipeline\{closure}(Object(Illuminate\Http\Request))
#23 C:\xampp\htdocs\IESA_ADMIN\vendor\laravel\framework\src\Illuminate\Pipeline\Pipeline.php(171): Illuminate\Foundation\Http\Middleware\VerifyCsrfToken->handle(Object(Illuminate\Http\Request), Object(Closure))
#24 C:\xampp\htdocs\IESA_ADMIN\vendor\laravel\framework\src\Illuminate\View\Middleware\ShareErrorsFromSession.php(49): Illuminate\Pipeline\Pipeline->Illuminate\Pipeline\{closure}(Object(Illuminate\Http\Request))
#25 C:\xampp\htdocs\IESA_ADMIN\vendor\laravel\framework\src\Illuminate\Pipeline\Pipeline.php(171): Illuminate\View\Middleware\ShareErrorsFromSession->handle(Object(Illuminate\Http\Request), Object(Closure))
#26 C:\xampp\htdocs\IESA_ADMIN\vendor\laravel\framework\src\Illuminate\Session\Middleware\StartSession.php(56): Illuminate\Pipeline\Pipeline->Illuminate\Pipeline\{closure}(Object(Illuminate\Http\Request))
#27 C:\xampp\htdocs\IESA_ADMIN\vendor\laravel\framework\src\Illuminate\Pipeline\Pipeline.php(171): Illuminate\Session\Middleware\StartSession->handle(Object(Illuminate\Http\Request), Object(Closure))
#28 C:\xampp\htdocs\IESA_ADMIN\vendor\laravel\framework\src\Illuminate\Cookie\Middleware\AddQueuedCookiesToResponse.php(37): Illuminate\Pipeline\Pipeline->Illuminate\Pipeline\{closure}(Object(Illuminate\Http\Request))
#29 C:\xampp\htdocs\IESA_ADMIN\vendor\laravel\framework\src\Illuminate\Pipeline\Pipeline.php(171): Illuminate\Cookie\Middleware\AddQueuedCookiesToResponse->handle(Object(Illuminate\Http\Request), Object(Closure))
#30 C:\xampp\htdocs\IESA_ADMIN\vendor\laravel\framework\src\Illuminate\Cookie\Middleware\EncryptCookies.php(66): Illuminate\Pipeline\Pipeline->Illuminate\Pipeline\{closure}(Object(Illuminate\Http\Request))
#31 C:\xampp\htdocs\IESA_ADMIN\vendor\laravel\framework\src\Illuminate\Pipeline\Pipeline.php(171): Illuminate\Cookie\Middleware\EncryptCookies->handle(Object(Illuminate\Http\Request), Object(Closure))
#32 C:\xampp\htdocs\IESA_ADMIN\vendor\laravel\framework\src\Illuminate\Pipeline\Pipeline.php(105): Illuminate\Pipeline\Pipeline->Illuminate\Pipeline\{closure}(Object(Illuminate\Http\Request))
#33 C:\xampp\htdocs\IESA_ADMIN\vendor\laravel\framework\src\Illuminate\Routing\Router.php(683): Illuminate\Pipeline\Pipeline->then(Object(Closure))
#34 C:\xampp\htdocs\IESA_ADMIN\vendor\laravel\framework\src\Illuminate\Routing\Router.php(658): Illuminate\Routing\Router->runRouteWithinStack(Object(Illuminate\Routing\Route), Object(Illuminate\Http\Request))
#35 C:\xampp\htdocs\IESA_ADMIN\vendor\laravel\framework\src\Illuminate\Routing\Router.php(624): Illuminate\Routing\Router->runRoute(Object(Illuminate\Http\Request), Object(Illuminate\Routing\Route))
#36 C:\xampp\htdocs\IESA_ADMIN\vendor\laravel\framework\src\Illuminate\Routing\Router.php(613): Illuminate\Routing\Router->dispatchToRoute(Object(Illuminate\Http\Request))
#37 C:\xampp\htdocs\IESA_ADMIN\vendor\laravel\framework\src\Illuminate\Foundation\Http\Kernel.php(170): Illuminate\Routing\Router->dispatch(Object(Illuminate\Http\Request))
#38 C:\xampp\htdocs\IESA_ADMIN\vendor\laravel\framework\src\Illuminate\Pipeline\Pipeline.php(130): Illuminate\Foundation\Http\Kernel->Illuminate\Foundation\Http\{closure}(Object(Illuminate\Http\Request))
#39 C:\xampp\htdocs\IESA_ADMIN\vendor\laravel\framework\src\Illuminate\Foundation\Http\Middleware\TransformsRequest.php(21): Illuminate\Pipeline\Pipeline->Illuminate\Pipeline\{closure}(Object(Illuminate\Http\Request))
#40 C:\xampp\htdocs\IESA_ADMIN\vendor\laravel\framework\src\Illuminate\Pipeline\Pipeline.php(171): Illuminate\Foundation\Http\Middleware\TransformsRequest->handle(Object(Illuminate\Http\Request), Object(Closure))
#41 C:\xampp\htdocs\IESA_ADMIN\vendor\laravel\framework\src\Illuminate\Foundation\Http\Middleware\CheckForMaintenanceMode.php(63): Illuminate\Pipeline\Pipeline->Illuminate\Pipeline\{closure}(Object(Illuminate\Http\Request))
#42 C:\xampp\htdocs\IESA_ADMIN\vendor\laravel\framework\src\Illuminate\Pipeline\Pipeline.php(171): Illuminate\Foundation\Http\Middleware\CheckForMaintenanceMode->handle(Object(Illuminate\Http\Request), Object(Closure))
#43 C:\xampp\htdocs\IESA_ADMIN\vendor\laravel\framework\src\Illuminate\Foundation\Http\Middleware\ValidatePostSize.php(27): Illuminate\Pipeline\Pipeline->Illuminate\Pipeline\{closure}(Object(Illuminate\Http\Request))
#44 C:\xampp\htdocs\IESA_ADMIN\vendor\laravel\framework\src\Illuminate\Pipeline\Pipeline.php(171): Illuminate\Foundation\Http\Middleware\ValidatePostSize->handle(Object(Illuminate\Http\Request), Object(Closure))
#45 C:\xampp\htdocs\IESA_ADMIN\vendor\fideloper\proxy\src\TrustProxies.php(57): Illuminate\Pipeline\Pipeline->Illuminate\Pipeline\{closure}(Object(Illuminate\Http\Request))
#46 C:\xampp\htdocs\IESA_ADMIN\vendor\laravel\framework\src\Illuminate\Pipeline\Pipeline.php(171): Fideloper\Proxy\TrustProxies->handle(Object(Illuminate\Http\Request), Object(Closure))
#47 C:\xampp\htdocs\IESA_ADMIN\vendor\laravel\framework\src\Illuminate\Foundation\Http\Middleware\TransformsRequest.php(21): Illuminate\Pipeline\Pipeline->Illuminate\Pipeline\{closure}(Object(Illuminate\Http\Request))
#48 C:\xampp\htdocs\IESA_ADMIN\vendor\laravel\framework\src\Illuminate\Pipeline\Pipeline.php(171): Illuminate\Foundation\Http\Middleware\TransformsRequest->handle(Object(Illuminate\Http\Request), Object(Closure))
#49 C:\xampp\htdocs\IESA_ADMIN\vendor\laravel\framework\src\Illuminate\Pipeline\Pipeline.php(105): Illuminate\Pipeline\Pipeline->Illuminate\Pipeline\{closure}(Object(Illuminate\Http\Request))
#50 C:\xampp\htdocs\IESA_ADMIN\vendor\laravel\framework\src\Illuminate\Foundation\Http\Kernel.php(145): Illuminate\Pipeline\Pipeline->then(Object(Closure))
#51 C:\xampp\htdocs\IESA_ADMIN\vendor\laravel\framework\src\Illuminate\Foundation\Http\Kernel.php(110): Illuminate\Foundation\Http\Kernel->sendRequestThroughRouter(Object(Illuminate\Http\Request))
#52 C:\xampp\htdocs\IESA_ADMIN\public\index.php(55): Illuminate\Foundation\Http\Kernel->handle(Object(Illuminate\Http\Request))
#53 C:\xampp\htdocs\IESA_ADMIN\server.php(21): require_once('C:\\xampp\\htdocs...')
#54 {main}
2020-05-08 17:11:46 INFO: Access Token has expired. Hence refreshing.
2020-05-09 08:15:39 INFO: Access Token has expired. Hence refreshing.
2020-05-09 09:57:04 INFO: Access Token has expired. Hence refreshing.
2020-05-09 11:07:42 INFO: Access Token has expired. Hence refreshing.
2020-05-09 12:07:47 INFO: Access Token has expired. Hence refreshing.
2020-05-09 16:31:21 INFO: Access Token has expired. Hence refreshing.
2020-05-09 17:39:08 INFO: Access Token has expired. Hence refreshing.
2020-05-09 19:41:44 INFO: Access Token has expired. Hence refreshing.
2020-05-09 20:44:58 INFO: Access Token has expired. Hence refreshing.
2020-05-09 22:32:31 INFO: Access Token has expired. Hence refreshing.
2020-05-09 22:33:36 INFO: Access Token has expired. Hence refreshing.
2020-05-09 23:33:57 INFO: Access Token has expired. Hence refreshing.
2020-05-10 01:59:05 INFO: Access Token has expired. Hence refreshing.
2020-05-10 11:25:34 INFO: Access Token has expired. Hence refreshing.
2020-05-10 12:30:18 INFO: Access Token has expired. Hence refreshing.
2020-05-10 13:48:37 INFO: Access Token has expired. Hence refreshing.
2020-05-10 16:21:51 INFO: Access Token has expired. Hence refreshing.
2020-05-10 17:21:53 ERROR: zcrmsdk\crm\exception\ZCRMException Caused by:'invalid oauth token' in C:\xampp\htdocs\IESA_ADMIN\vendor\zohocrm\php-sdk\src\crm\api\response\APIResponse.php(93)
Trace::#0 C:\xampp\htdocs\IESA_ADMIN\vendor\zohocrm\php-sdk\src\crm\api\response\CommonAPIResponse.php(76): zcrmsdk\crm\api\response\APIResponse->handleForFaultyResponses()
#1 C:\xampp\htdocs\IESA_ADMIN\vendor\zohocrm\php-sdk\src\crm\api\response\CommonAPIResponse.php(67): zcrmsdk\crm\api\response\CommonAPIResponse->processResponse()
#2 C:\xampp\htdocs\IESA_ADMIN\vendor\zohocrm\php-sdk\src\crm\api\response\APIResponse.php(34): zcrmsdk\crm\api\response\CommonAPIResponse->__construct('HTTP/1.1 401 \r\n...', 401, NULL)
#3 C:\xampp\htdocs\IESA_ADMIN\vendor\zohocrm\php-sdk\src\crm\api\APIRequest.php(122): zcrmsdk\crm\api\response\APIResponse->__construct('HTTP/1.1 401 \r\n...', 401)
#4 C:\xampp\htdocs\IESA_ADMIN\vendor\zohocrm\php-sdk\src\crm\api\handler\ModuleAPIHandler.php(54): zcrmsdk\crm\api\APIRequest->getAPIResponse()
#5 C:\xampp\htdocs\IESA_ADMIN\vendor\zohocrm\php-sdk\src\crm\crud\ZCRMModule.php(944): zcrmsdk\crm\api\handler\ModuleAPIHandler->getFieldDetails('443475600000029...')
#6 C:\xampp\htdocs\IESA_ADMIN\app\Http\Controllers\Admin\LeadsController.php(544): zcrmsdk\crm\crud\ZCRMModule->getFieldDetails('443475600000029...')
#7 C:\xampp\htdocs\IESA_ADMIN\app\Http\Controllers\Admin\LeadsController.php(113): App\Http\Controllers\Admin\LeadsController->fields('443475600000029...', 'Leads')
#8 [internal function]: App\Http\Controllers\Admin\LeadsController->create()
#9 C:\xampp\htdocs\IESA_ADMIN\vendor\laravel\framework\src\Illuminate\Routing\Controller.php(54): call_user_func_array(Array, Array)
#10 C:\xampp\htdocs\IESA_ADMIN\vendor\laravel\framework\src\Illuminate\Routing\ControllerDispatcher.php(45): Illuminate\Routing\Controller->callAction('create', Array)
#11 C:\xampp\htdocs\IESA_ADMIN\vendor\laravel\framework\src\Illuminate\Routing\Route.php(219): Illuminate\Routing\ControllerDispatcher->dispatch(Object(Illuminate\Routing\Route), Object(App\Http\Controllers\Admin\LeadsController), 'create')
#12 C:\xampp\htdocs\IESA_ADMIN\vendor\laravel\framework\src\Illuminate\Routing\Route.php(176): Illuminate\Routing\Route->runController()
#13 C:\xampp\htdocs\IESA_ADMIN\vendor\laravel\framework\src\Illuminate\Routing\Router.php(681): Illuminate\Routing\Route->run()
#14 C:\xampp\htdocs\IESA_ADMIN\vendor\laravel\framework\src\Illuminate\Pipeline\Pipeline.php(130): Illuminate\Routing\Router->Illuminate\Routing\{closure}(Object(Illuminate\Http\Request))
#15 C:\xampp\htdocs\IESA_ADMIN\app\Http\Middleware\SetLocale.php(24): Illuminate\Pipeline\Pipeline->Illuminate\Pipeline\{closure}(Object(Illuminate\Http\Request))
#16 C:\xampp\htdocs\IESA_ADMIN\vendor\laravel\framework\src\Illuminate\Pipeline\Pipeline.php(171): App\Http\Middleware\SetLocale->handle(Object(Illuminate\Http\Request), Object(Closure))
#17 C:\xampp\htdocs\IESA_ADMIN\app\Http\Middleware\AuthGates.php(34): Illuminate\Pipeline\Pipeline->Illuminate\Pipeline\{closure}(Object(Illuminate\Http\Request))
#18 C:\xampp\htdocs\IESA_ADMIN\vendor\laravel\framework\src\Illuminate\Pipeline\Pipeline.php(171): App\Http\Middleware\AuthGates->handle(Object(Illuminate\Http\Request), Object(Closure))
#19 C:\xampp\htdocs\IESA_ADMIN\vendor\laravel\framework\src\Illuminate\Routing\Middleware\SubstituteBindings.php(41): Illuminate\Pipeline\Pipeline->Illuminate\Pipeline\{closure}(Object(Illuminate\Http\Request))
#20 C:\xampp\htdocs\IESA_ADMIN\vendor\laravel\framework\src\Illuminate\Pipeline\Pipeline.php(171): Illuminate\Routing\Middleware\SubstituteBindings->handle(Object(Illuminate\Http\Request), Object(Closure))
#21 C:\xampp\htdocs\IESA_ADMIN\vendor\laravel\framework\src\Illuminate\Auth\Middleware\Authenticate.php(43): Illuminate\Pipeline\Pipeline->Illuminate\Pipeline\{closure}(Object(Illuminate\Http\Request))
#22 C:\xampp\htdocs\IESA_ADMIN\vendor\laravel\framework\src\Illuminate\Pipeline\Pipeline.php(171): Illuminate\Auth\Middleware\Authenticate->handle(Object(Illuminate\Http\Request), Object(Closure))
#23 C:\xampp\htdocs\IESA_ADMIN\vendor\laravel\framework\src\Illuminate\Foundation\Http\Middleware\VerifyCsrfToken.php(76): Illuminate\Pipeline\Pipeline->Illuminate\Pipeline\{closure}(Object(Illuminate\Http\Request))
#24 C:\xampp\htdocs\IESA_ADMIN\vendor\laravel\framework\src\Illuminate\Pipeline\Pipeline.php(171): Illuminate\Foundation\Http\Middleware\VerifyCsrfToken->handle(Object(Illuminate\Http\Request), Object(Closure))
#25 C:\xampp\htdocs\IESA_ADMIN\vendor\laravel\framework\src\Illuminate\View\Middleware\ShareErrorsFromSession.php(49): Illuminate\Pipeline\Pipeline->Illuminate\Pipeline\{closure}(Object(Illuminate\Http\Request))
#26 C:\xampp\htdocs\IESA_ADMIN\vendor\laravel\framework\src\Illuminate\Pipeline\Pipeline.php(171): Illuminate\View\Middleware\ShareErrorsFromSession->handle(Object(Illuminate\Http\Request), Object(Closure))
#27 C:\xampp\htdocs\IESA_ADMIN\vendor\laravel\framework\src\Illuminate\Session\Middleware\StartSession.php(56): Illuminate\Pipeline\Pipeline->Illuminate\Pipeline\{closure}(Object(Illuminate\Http\Request))
#28 C:\xampp\htdocs\IESA_ADMIN\vendor\laravel\framework\src\Illuminate\Pipeline\Pipeline.php(171): Illuminate\Session\Middleware\StartSession->handle(Object(Illuminate\Http\Request), Object(Closure))
#29 C:\xampp\htdocs\IESA_ADMIN\vendor\laravel\framework\src\Illuminate\Cookie\Middleware\AddQueuedCookiesToResponse.php(37): Illuminate\Pipeline\Pipeline->Illuminate\Pipeline\{closure}(Object(Illuminate\Http\Request))
#30 C:\xampp\htdocs\IESA_ADMIN\vendor\laravel\framework\src\Illuminate\Pipeline\Pipeline.php(171): Illuminate\Cookie\Middleware\AddQueuedCookiesToResponse->handle(Object(Illuminate\Http\Request), Object(Closure))
#31 C:\xampp\htdocs\IESA_ADMIN\vendor\laravel\framework\src\Illuminate\Cookie\Middleware\EncryptCookies.php(66): Illuminate\Pipeline\Pipeline->Illuminate\Pipeline\{closure}(Object(Illuminate\Http\Request))
#32 C:\xampp\htdocs\IESA_ADMIN\vendor\laravel\framework\src\Illuminate\Pipeline\Pipeline.php(171): Illuminate\Cookie\Middleware\EncryptCookies->handle(Object(Illuminate\Http\Request), Object(Closure))
#33 C:\xampp\htdocs\IESA_ADMIN\vendor\laravel\framework\src\Illuminate\Pipeline\Pipeline.php(105): Illuminate\Pipeline\Pipeline->Illuminate\Pipeline\{closure}(Object(Illuminate\Http\Request))
#34 C:\xampp\htdocs\IESA_ADMIN\vendor\laravel\framework\src\Illuminate\Routing\Router.php(683): Illuminate\Pipeline\Pipeline->then(Object(Closure))
#35 C:\xampp\htdocs\IESA_ADMIN\vendor\laravel\framework\src\Illuminate\Routing\Router.php(658): Illuminate\Routing\Router->runRouteWithinStack(Object(Illuminate\Routing\Route), Object(Illuminate\Http\Request))
#36 C:\xampp\htdocs\IESA_ADMIN\vendor\laravel\framework\src\Illuminate\Routing\Router.php(624): Illuminate\Routing\Router->runRoute(Object(Illuminate\Http\Request), Object(Illuminate\Routing\Route))
#37 C:\xampp\htdocs\IESA_ADMIN\vendor\laravel\framework\src\Illuminate\Routing\Router.php(613): Illuminate\Routing\Router->dispatchToRoute(Object(Illuminate\Http\Request))
#38 C:\xampp\htdocs\IESA_ADMIN\vendor\laravel\framework\src\Illuminate\Foundation\Http\Kernel.php(170): Illuminate\Routing\Router->dispatch(Object(Illuminate\Http\Request))
#39 C:\xampp\htdocs\IESA_ADMIN\vendor\laravel\framework\src\Illuminate\Pipeline\Pipeline.php(130): Illuminate\Foundation\Http\Kernel->Illuminate\Foundation\Http\{closure}(Object(Illuminate\Http\Request))
#40 C:\xampp\htdocs\IESA_ADMIN\vendor\laravel\framework\src\Illuminate\Foundation\Http\Middleware\TransformsRequest.php(21): Illuminate\Pipeline\Pipeline->Illuminate\Pipeline\{closure}(Object(Illuminate\Http\Request))
#41 C:\xampp\htdocs\IESA_ADMIN\vendor\laravel\framework\src\Illuminate\Pipeline\Pipeline.php(171): Illuminate\Foundation\Http\Middleware\TransformsRequest->handle(Object(Illuminate\Http\Request), Object(Closure))
#42 C:\xampp\htdocs\IESA_ADMIN\vendor\laravel\framework\src\Illuminate\Foundation\Http\Middleware\CheckForMaintenanceMode.php(63): Illuminate\Pipeline\Pipeline->Illuminate\Pipeline\{closure}(Object(Illuminate\Http\Request))
#43 C:\xampp\htdocs\IESA_ADMIN\vendor\laravel\framework\src\Illuminate\Pipeline\Pipeline.php(171): Illuminate\Foundation\Http\Middleware\CheckForMaintenanceMode->handle(Object(Illuminate\Http\Request), Object(Closure))
#44 C:\xampp\htdocs\IESA_ADMIN\vendor\laravel\framework\src\Illuminate\Foundation\Http\Middleware\ValidatePostSize.php(27): Illuminate\Pipeline\Pipeline->Illuminate\Pipeline\{closure}(Object(Illuminate\Http\Request))
#45 C:\xampp\htdocs\IESA_ADMIN\vendor\laravel\framework\src\Illuminate\Pipeline\Pipeline.php(171): Illuminate\Foundation\Http\Middleware\ValidatePostSize->handle(Object(Illuminate\Http\Request), Object(Closure))
#46 C:\xampp\htdocs\IESA_ADMIN\vendor\fideloper\proxy\src\TrustProxies.php(57): Illuminate\Pipeline\Pipeline->Illuminate\Pipeline\{closure}(Object(Illuminate\Http\Request))
#47 C:\xampp\htdocs\IESA_ADMIN\vendor\laravel\framework\src\Illuminate\Pipeline\Pipeline.php(171): Fideloper\Proxy\TrustProxies->handle(Object(Illuminate\Http\Request), Object(Closure))
#48 C:\xampp\htdocs\IESA_ADMIN\vendor\laravel\framework\src\Illuminate\Foundation\Http\Middleware\TransformsRequest.php(21): Illuminate\Pipeline\Pipeline->Illuminate\Pipeline\{closure}(Object(Illuminate\Http\Request))
#49 C:\xampp\htdocs\IESA_ADMIN\vendor\laravel\framework\src\Illuminate\Pipeline\Pipeline.php(171): Illuminate\Foundation\Http\Middleware\TransformsRequest->handle(Object(Illuminate\Http\Request), Object(Closure))
#50 C:\xampp\htdocs\IESA_ADMIN\vendor\laravel\framework\src\Illuminate\Pipeline\Pipeline.php(105): Illuminate\Pipeline\Pipeline->Illuminate\Pipeline\{closure}(Object(Illuminate\Http\Request))
#51 C:\xampp\htdocs\IESA_ADMIN\vendor\laravel\framework\src\Illuminate\Foundation\Http\Kernel.php(145): Illuminate\Pipeline\Pipeline->then(Object(Closure))
#52 C:\xampp\htdocs\IESA_ADMIN\vendor\laravel\framework\src\Illuminate\Foundation\Http\Kernel.php(110): Illuminate\Foundation\Http\Kernel->sendRequestThroughRouter(Object(Illuminate\Http\Request))
#53 C:\xampp\htdocs\IESA_ADMIN\public\index.php(55): Illuminate\Foundation\Http\Kernel->handle(Object(Illuminate\Http\Request))
#54 C:\xampp\htdocs\IESA_ADMIN\server.php(21): require_once('C:\\xampp\\htdocs...')
#55 {main}
2020-05-10 17:22:05 INFO: Access Token has expired. Hence refreshing.
